#
# A fatal error has been detected by the Java Runtime Environment:
#
#  EXCEPTION_ACCESS_VIOLATION (0xc0000005) at pc=0x00007ffaf1e47a1c, pid=17188, tid=19784
#
# JRE version: OpenJDK Runtime Environment 18.9 (11.0.11+9) (build 11.0.11+9)
# Java VM: OpenJDK 64-Bit Server VM 18.9 (11.0.11+9, mixed mode, tiered, compressed oops, g1 gc, windows-amd64)
# Problematic frame:
# C  [xerces-c_3_2.dll+0x7a1c]
#
# No core dump will be written. Minidumps are not enabled by default on client versions of Windows
#
# If you would like to submit a bug report, please visit:
#   https://bugreport.java.com/bugreport/crash.jsp
# The crash happened outside the Java Virtual Machine in native code.
# See problematic frame for where to report the bug.
#

---------------  S U M M A R Y ------------

Command Line: -Dsun.java2d.pmoffscreen=false -Dhttps.protocols=TLSv1,TLSv1.1,TLSv1.2 -Dsun.java2d.xrender=false -Dsun.java2d.d3d=false -Dsun.awt.nopixfmt=true -Dsun.java2d.dpiaware=true -Dsun.java2d.uiScale.enabled=false -Xverify:none -Dswing.aatext=true -XX:-UsePerfData -Djdk.map.althashing.threshold=512 -XX:StringTableSize=4072 --add-opens=java.desktop/com.sun.awt=ALL-UNNAMED --add-opens=java.desktop/javax.swing.plaf.synth=ALL-UNNAMED --add-opens=java.base/java.nio=ALL-UNNAMED --add-opens=java.desktop/sun.swing=ALL-UNNAMED --add-opens=java.desktop/javax.swing=ALL-UNNAMED --add-opens=java.desktop/javax.swing.tree=ALL-UNNAMED --add-opens=java.desktop/javax.swing.plaf.basic=ALL-UNNAMED --add-opens=java.desktop/javax.swing.plaf.synth=ALL-UNNAMED --add-opens=java.desktop/javax.swing.plaf.basic=ALL-UNNAMED --add-opens=java.desktop/javax.swing=ALL-UNNAMED --add-opens=java.desktop/javax.swing.tree=ALL-UNNAMED --add-opens=java.desktop/java.awt.event=ALL-UNNAMED --add-exports=java.desktop/javax.swing.plaf.synth=ALL-UNNAMED --add-exports=java.base/java.nio=ALL-UNNAMED --add-exports=java.desktop/sun.swing=ALL-UNNAMED --add-exports=java.desktop/javax.swing=ALL-UNNAMED --add-exports=java.desktop/javax.swing.tree=ALL-UNNAMED --add-exports=java.desktop/javax.swing.plaf.basic=ALL-UNNAMED --add-exports=java.desktop/sun.swing=ALL-UNNAMED --add-exports=java.desktop/sun.swing.table=ALL-UNNAMED --add-exports=java.desktop/sun.swing.plaf.synth=ALL-UNNAMED --add-exports=java.desktop/sun.awt.shell=ALL-UNNAMED --add-exports=java.base/sun.security.action=ALL-UNNAMED --add-exports=java.desktop/sun.font=ALL-UNNAMED -XX:NewSize=60m -XX:MaxNewSize=60m -Xms256m -Xmx3072m -Xss5m 

Host: AMD Ryzen 9 3900X 12-Core Processor            , 24 cores, 31G,  Windows 10 , 64 bit Build 19041 (10.0.19041.2364)
Time: Sat Dec 17 15:47:39 2022 Eastern Standard Time elapsed time: 28.474015 seconds (0d 0h 0m 28s)

---------------  T H R E A D  ---------------

Current thread (0x00000155d3e07000):  JavaThread "NewProject Thread" [_thread_in_native, id=19784, stack(0x000000225db00000,0x000000225e000000)]

Stack: [0x000000225db00000,0x000000225e000000],  sp=0x000000225dffe5f0,  free space=5113k
Native frames: (J=compiled Java code, j=interpreted, Vv=VM code, C=native code)
C  [xerces-c_3_2.dll+0x7a1c]
C  [xerces-c_3_2.dll+0x49d5f]
C  [librdi_common.dll+0x88a606]
C  [librdi_common.dll+0x888f2d]
C  [librdi_board.dll+0x47bb0]
C  [librdi_board.dll+0x3fbd4]
C  [librdi_board.dll+0x46355]
C  [librdi_boarddep.dll+0x5667]
C  [librdi_project.dll+0x3959ff]
C  0x00000155b73ff377

Java frames: (J=compiled Java code, j=interpreted, Vv=VM code)
j  ui.project.projecti.ProjUtils_createBoardPartIter(J)J+0
j  ui.data.a.R(Lui/project/m;)Ljava/util/List;+22
j  ui.views.c.t.g.DO()V+20
j  ui.views.i.aQy()Ljava/lang/Object;+4
j  ui.frmwork.y.run()V+23
j  java.lang.Thread.run()V+11 java.base@11.0.11
v  ~StubRoutines::call_stub

siginfo: EXCEPTION_ACCESS_VIOLATION (0xc0000005), reading address 0x0000000000000000


Register to memory mapping:

RIP=0x00007ffaf1e47a1c xerces-c_3_2.dll
RAX=0x000000225dffe698 is pointing into the stack for thread: 0x00000155d3e07000
RBX=0x000000225dffe6a8 is pointing into the stack for thread: 0x00000155d3e07000
RCX=0x000000225dffe6a8 is pointing into the stack for thread: 0x00000155d3e07000
RDX=0x0 is NULL
RSP=0x000000225dffe5f0 is pointing into the stack for thread: 0x00000155d3e07000
RBP=0x000000225dffee10 is pointing into the stack for thread: 0x00000155d3e07000
RSI=0x000000225dffef20 is pointing into the stack for thread: 0x00000155d3e07000
RDI=0x0 is NULL
R8 =0x0 is NULL
R9 =0x0 is NULL
R10=0x0000000000008000 is an unknown value
R11=0x000000225dffe500 is pointing into the stack for thread: 0x00000155d3e07000
R12=0x000000000000000f is an unknown value
R13=0x7fffffffffffffff is an unknown value
R14=0xffffffffffffffff is an unknown value
R15=0x0000000000000043 is an unknown value


Registers:
RAX=0x000000225dffe698, RBX=0x000000225dffe6a8, RCX=0x000000225dffe6a8, RDX=0x0000000000000000
RSP=0x000000225dffe5f0, RBP=0x000000225dffee10, RSI=0x000000225dffef20, RDI=0x0000000000000000
R8 =0x0000000000000000, R9 =0x0000000000000000, R10=0x0000000000008000, R11=0x000000225dffe500
R12=0x000000000000000f, R13=0x7fffffffffffffff, R14=0xffffffffffffffff, R15=0x0000000000000043
RIP=0x00007ffaf1e47a1c, EFLAGS=0x0000000000010206

Top of Stack: (sp=0x000000225dffe5f0)
0x000000225dffe5f0:   0000000000000000 0000000000000000
0x000000225dffe600:   00000155da606f40 0000000000000044
0x000000225dffe610:   0000000000000000 00007ffaf1e89d5f
0x000000225dffe620:   000000225dffef20 00007ffabbb436a4
0x000000225dffe630:   00000000ffffffff 00000155a2c80000
0x000000225dffe640:   0000000000000000 0000000000000000
0x000000225dffe650:   fffffffffffffffe 0000000000000001
0x000000225dffe660:   00000bf700000004 00000000639b2cfd
0x000000225dffe670:   fffffffffffffffe 0000000063703870
0x000000225dffe680:   0000913c116cb769 000000225dffef20
0x000000225dffe690:   0000000000000000 00007ffabbcca606
0x000000225dffe6a0:   0000000000000000 0000000000000000
0x000000225dffe6b0:   0000000000000000 000000225dffef20
0x000000225dffe6c0:   0000000000000030 00000155a2e50d50
0x000000225dffe6d0:   0000000000000010 00000155dbc4bd60
0x000000225dffe6e0:   000000225dffef20 0000000000000030 

Instructions: (pc=0x00007ffaf1e47a1c)
0x00007ffaf1e4791c:   18 48 8b 4b 18 4c 8d 04 7d 02 00 00 00 48 8b d6
0x00007ffaf1e4792c:   48 8b 5c 24 30 48 8b 74 24 38 48 83 c4 20 5f e9
0x00007ffaf1e4793c:   12 71 12 00 48 85 d2 75 08 45 33 c0 e9 23 00 00
0x00007ffaf1e4794c:   00 4c 8b c2 41 0f b7 00 49 83 c0 02 66 85 c0 75
0x00007ffaf1e4795c:   f3 4c 2b c2 49 d1 f8 49 ff c8 e9 05 00 00 00 cc
0x00007ffaf1e4796c:   cc cc cc cc 48 89 5c 24 08 48 89 74 24 10 57 48
0x00007ffaf1e4797c:   83 ec 20 49 8b f8 48 8b f2 48 8b d9 4c 3b 41 10
0x00007ffaf1e4798c:   72 2f 48 8b 49 28 48 8b 53 20 48 8b 01 ff 50 18
0x00007ffaf1e4799c:   48 8b 4b 28 48 8d 57 01 48 89 53 10 48 03 d2 48
0x00007ffaf1e479ac:   c7 43 20 00 00 00 00 48 8b 01 ff 50 10 48 89 43
0x00007ffaf1e479bc:   20 48 8b 4b 20 4c 8d 04 7d 02 00 00 00 48 8b d6
0x00007ffaf1e479cc:   48 8b 5c 24 30 48 8b 74 24 38 48 83 c4 20 5f e9
0x00007ffaf1e479dc:   72 70 12 00 40 53 48 83 ec 20 48 8b d9 48 c7 01
0x00007ffaf1e479ec:   00 00 00 00 48 89 51 08 48 8b ca e8 64 13 00 00
0x00007ffaf1e479fc:   48 89 03 48 8b c3 48 83 c4 20 5b c3 cc cc cc cc
0x00007ffaf1e47a0c:   cc cc cc cc 40 53 48 83 ec 20 48 8b d9 48 89 11
0x00007ffaf1e47a1c:   48 8b 0a e8 ac 12 00 00 48 8b c3 48 83 c4 20 5b
0x00007ffaf1e47a2c:   c3 cc cc cc 40 53 48 83 ec 30 48 c7 44 24 20 fe
0x00007ffaf1e47a3c:   ff ff ff 48 8b d9 48 8b 09 48 85 c9 74 11 48 8b
0x00007ffaf1e47a4c:   53 08 e8 7d 0d 00 00 90 48 c7 03 00 00 00 00 48
0x00007ffaf1e47a5c:   83 c4 30 5b c3 cc cc cc cc cc cc cc cc cc cc cc
0x00007ffaf1e47a6c:   cc cc cc cc 48 83 ec 38 48 c7 44 24 20 fe ff ff
0x00007ffaf1e47a7c:   ff 48 8b 09 48 8b 09 e8 48 1b 00 00 90 48 83 c4
0x00007ffaf1e47a8c:   38 c3 cc cc 40 53 48 83 ec 20 48 8b d9 48 8b 0d
0x00007ffaf1e47a9c:   c0 22 2a 00 48 c7 03 00 00 00 00 48 89 4b 08 e8
0x00007ffaf1e47aac:   b0 12 00 00 48 89 03 48 83 c4 20 5b c3 cc cc cc
0x00007ffaf1e47abc:   cc cc cc cc 48 8b 09 e9 08 12 00 00 cc cc cc cc
0x00007ffaf1e47acc:   cc cc cc cc 48 8b 09 e9 f8 1a 00 00 cc cc cc cc
0x00007ffaf1e47adc:   cc cc cc cc 83 f9 08 77 56 48 63 c1 48 8d 15 11
0x00007ffaf1e47aec:   85 ff ff 8b 8c 82 44 7b 00 00 48 03 ca ff e1 48
0x00007ffaf1e47afc:   8d 05 46 6d 14 00 c3 48 8d 05 66 6d 14 00 c3 48
0x00007ffaf1e47b0c:   8d 05 8e 6d 14 00 c3 48 8d 05 a6 6d 14 00 c3 48 


Stack slot to memory mapping:
stack at sp + 0 slots: 0x0 is NULL
stack at sp + 1 slots: 0x0 is NULL
stack at sp + 2 slots: 0x00000155da606f40 points into unknown readable memory: 0x0000000000000000 | 00 00 00 00 00 00 00 00
stack at sp + 3 slots: 0x0000000000000044 is an unknown value
stack at sp + 4 slots: 0x0 is NULL
stack at sp + 5 slots: 0x00007ffaf1e89d5f xerces-c_3_2.dll
stack at sp + 6 slots: 0x000000225dffef20 is pointing into the stack for thread: 0x00000155d3e07000
stack at sp + 7 slots: 0x00007ffabbb436a4 librdi_common.dll


---------------  P R O C E S S  ---------------

Threads class SMR info:
_java_thread_list=0x00000155da88d010, length=29, elements={
0x00000155ab1ff800, 0x00000155aec3e800, 0x00000155aec44000, 0x00000155aec5a800,
0x00000155aec5d800, 0x00000155aec5f000, 0x00000155aec61800, 0x00000155aec6a000,
0x00000155aec6f000, 0x00000155aec6c800, 0x00000155aec67800, 0x00000155aec6b800,
0x00000155aec66000, 0x00000155d3dff800, 0x00000155d3e04800, 0x00000155d3e02000,
0x00000155d3dff000, 0x00000155d3e00800, 0x00000155d3e08800, 0x00000155d3e03000,
0x00000155d3e04000, 0x00000155d3e0a800, 0x00000155d3e06000, 0x00000155d3e07000,
0x00000155d3e0b000, 0x00000155d3dfe000, 0x00000155d3e0c000, 0x00000155d3e05800,
0x00000155d3e08000
}

Java Threads: ( => current thread )
  0x00000155ab1ff800 JavaThread "main" [_thread_blocked, id=3204, stack(0x0000002256500000,0x0000002256600000)]
  0x00000155aec3e800 JavaThread "Reference Handler" daemon [_thread_blocked, id=16940, stack(0x0000002256c00000,0x0000002257100000)]
  0x00000155aec44000 JavaThread "Finalizer" daemon [_thread_blocked, id=18564, stack(0x0000002257100000,0x0000002257600000)]
  0x00000155aec5a800 JavaThread "Signal Dispatcher" daemon [_thread_blocked, id=10840, stack(0x0000002257600000,0x0000002257b00000)]
  0x00000155aec5d800 JavaThread "Attach Listener" daemon [_thread_blocked, id=22196, stack(0x0000002257b00000,0x0000002258000000)]
  0x00000155aec5f000 JavaThread "Service Thread" daemon [_thread_blocked, id=19112, stack(0x0000002258000000,0x0000002258500000)]
  0x00000155aec61800 JavaThread "C2 CompilerThread0" daemon [_thread_blocked, id=6904, stack(0x0000002258500000,0x0000002258600000)]
  0x00000155aec6a000 JavaThread "C1 CompilerThread0" daemon [_thread_blocked, id=2976, stack(0x0000002258600000,0x0000002258700000)]
  0x00000155aec6f000 JavaThread "Sweeper thread" daemon [_thread_blocked, id=11660, stack(0x0000002258700000,0x0000002258c00000)]
  0x00000155aec6c800 JavaThread "Common-Cleaner" daemon [_thread_blocked, id=1884, stack(0x0000002259000000,0x0000002259500000)]
  0x00000155aec67800 JavaThread "Java2D Disposer" daemon [_thread_blocked, id=6260, stack(0x0000002259600000,0x0000002259b00000)]
  0x00000155aec6b800 JavaThread "AWT-Windows" daemon [_thread_in_native, id=6272, stack(0x000000225a000000,0x000000225a500000)]
  0x00000155aec66000 JavaThread "TimerQueue" daemon [_thread_blocked, id=11940, stack(0x0000002259b00000,0x000000225a000000)]
  0x00000155d3dff800 JavaThread "AWT-Shutdown" [_thread_blocked, id=19608, stack(0x000000225b500000,0x000000225ba00000)]
  0x00000155d3e04800 JavaThread "AWT-EventQueue-0" [_thread_blocked, id=3176, stack(0x000000225ba00000,0x000000225bf00000)]
  0x00000155d3e02000 JavaThread "Thread-1" [_thread_in_native, id=16732, stack(0x0000002254f00000,0x0000002256300000)]
  0x00000155d3dff000 JavaThread "Process Messages Thread" [_thread_blocked, id=18000, stack(0x000000225bf00000,0x000000225c400000)]
  0x00000155d3e00800 JavaThread "Batik CleanerThread" daemon [_thread_blocked, id=18628, stack(0x000000225c800000,0x000000225cd00000)]
  0x00000155d3e08800 JavaThread "SyntheticaCleanerThread" daemon [_thread_blocked, id=9916, stack(0x000000225d600000,0x000000225db00000)]
  0x00000155d3e03000 JavaThread "C1 CompilerThread1" daemon [_thread_blocked, id=21172, stack(0x0000002254e00000,0x0000002254f00000)]
  0x00000155d3e04000 JavaThread "C1 CompilerThread2" daemon [_thread_blocked, id=3584, stack(0x0000002258c00000,0x0000002258d00000)]
  0x00000155d3e0a800 JavaThread "C1 CompilerThread3" daemon [_thread_blocked, id=14088, stack(0x000000225a500000,0x000000225a600000)]
  0x00000155d3e06000 JavaThread "Image Fetcher 0" daemon [_thread_blocked, id=7380, stack(0x000000225cd00000,0x000000225d200000)]
=>0x00000155d3e07000 JavaThread "NewProject Thread" [_thread_in_native, id=19784, stack(0x000000225db00000,0x000000225e000000)]
  0x00000155d3e0b000 JavaThread "Monitor HEventQueue Thread" [_thread_blocked, id=22408, stack(0x000000225e400000,0x000000225e900000)]
  0x00000155d3dfe000 JavaThread "SyntheticaAnimation 50" daemon [_thread_blocked, id=13668, stack(0x000000225e900000,0x000000225ee00000)]
  0x00000155d3e0c000 JavaThread "SyntheticaAnimation 25" daemon [_thread_blocked, id=17208, stack(0x000000225ee00000,0x000000225f300000)]
  0x00000155d3e05800 JavaThread "Open Project Thread" [_thread_in_native, id=11372, stack(0x000000225ac00000,0x000000225b100000)]
  0x00000155d3e08000 JavaThread "SyntheticaAnimation 70" daemon [_thread_blocked, id=8008, stack(0x000000225f300000,0x000000225f800000)]

Other Threads:
  0x00000155aebf7000 VMThread "VM Thread" [stack: 0x0000002256b00000,0x0000002256c00000] [id=18888]
  0x00000155cf888800 WatcherThread [stack: 0x0000002259500000,0x0000002259600000] [id=2472]
  0x00000155a788f800 GCTaskThread "GC Thread#0" [stack: 0x0000002256600000,0x0000002256700000] [id=19672]
  0x00000155d2406800 GCTaskThread "GC Thread#1" [stack: 0x000000225a600000,0x000000225a700000] [id=21036]
  0x00000155d2c99800 GCTaskThread "GC Thread#2" [stack: 0x000000225a700000,0x000000225a800000] [id=2136]
  0x00000155d2363000 GCTaskThread "GC Thread#3" [stack: 0x000000225a800000,0x000000225a900000] [id=17152]
  0x00000155d05e6000 GCTaskThread "GC Thread#4" [stack: 0x000000225a900000,0x000000225aa00000] [id=2012]
  0x00000155d205d800 GCTaskThread "GC Thread#5" [stack: 0x000000225aa00000,0x000000225ab00000] [id=10128]
  0x00000155d21f6000 GCTaskThread "GC Thread#6" [stack: 0x000000225c400000,0x000000225c500000] [id=2508]
  0x00000155d1f2b800 GCTaskThread "GC Thread#7" [stack: 0x000000225c500000,0x000000225c600000] [id=22240]
  0x00000155d49e9800 GCTaskThread "GC Thread#8" [stack: 0x000000225d400000,0x000000225d500000] [id=10172]
  0x00000155d499c000 GCTaskThread "GC Thread#9" [stack: 0x000000225d500000,0x000000225d600000] [id=21692]
  0x00000155d870c800 GCTaskThread "GC Thread#10" [stack: 0x000000225b200000,0x000000225b300000] [id=3108]
  0x00000155d7f6b800 GCTaskThread "GC Thread#11" [stack: 0x000000225d200000,0x000000225d300000] [id=10164]
  0x00000155db6cf800 GCTaskThread "GC Thread#12" [stack: 0x000000225b100000,0x000000225b200000] [id=11076]
  0x00000155db6c9800 GCTaskThread "GC Thread#13" [stack: 0x000000225d300000,0x000000225d400000] [id=11472]
  0x00000155ae195800 ConcurrentGCThread "G1 Main Marker" [stack: 0x0000002256700000,0x0000002256800000] [id=10540]
  0x00000155ae9c1800 ConcurrentGCThread "G1 Conc#0" [stack: 0x0000002256800000,0x0000002256900000] [id=5908]
  0x00000155d3c23000 ConcurrentGCThread "G1 Conc#1" [stack: 0x000000225b300000,0x000000225b400000] [id=6944]
  0x00000155cfde2000 ConcurrentGCThread "G1 Conc#2" [stack: 0x000000225b400000,0x000000225b500000] [id=11884]
  0x00000155cfde3000 ConcurrentGCThread "G1 Conc#3" [stack: 0x000000225c600000,0x000000225c700000] [id=5972]
  0x00000155cfde6800 ConcurrentGCThread "G1 Conc#4" [stack: 0x000000225c700000,0x000000225c800000] [id=11800]
  0x00000155aead7000 ConcurrentGCThread "G1 Refine#0" [stack: 0x0000002256900000,0x0000002256a00000] [id=9560]
  0x00000155d22a5000 ConcurrentGCThread "G1 Refine#1" [stack: 0x000000225ab00000,0x000000225ac00000] [id=10124]
  0x00000155aead8000 ConcurrentGCThread "G1 Young RemSet Sampling" [stack: 0x0000002256a00000,0x0000002256b00000] [id=21492]

Threads with active compile tasks:

VM state:not at safepoint (normal execution)

VM Mutex/Monitor currently owned by a thread: None

Heap address: 0x0000000740000000, size: 3072 MB, Compressed Oops mode: Zero based, Oop shift amount: 3
Narrow klass base: 0x0000000800000000, Narrow klass shift: 0
Compressed class space size: 1073741824 Address: 0x0000000800000000

Heap:
 garbage-first heap   total 262144K, used 98591K [0x0000000740000000, 0x0000000800000000)
  region size 1024K, 35 young (35840K), 2 survivors (2048K)
 Metaspace       used 60818K, capacity 62124K, committed 62316K, reserved 1103872K
  class space    used 7499K, capacity 8067K, committed 8192K, reserved 1048576K
Heap Regions: E=young(eden), S=young(survivor), O=old, HS=humongous(starts), HC=humongous(continues), CS=collection set, F=free, A=archive, TAMS=top-at-mark-start (previous, next)
|   0|0x0000000740000000, 0x0000000740100000, 0x0000000740100000|100%|HS|  |TAMS 0x0000000740100000, 0x0000000740000000| Complete 
|   1|0x0000000740100000, 0x0000000740200000, 0x0000000740200000|100%|HC|  |TAMS 0x0000000740200000, 0x0000000740100000| Complete 
|   2|0x0000000740200000, 0x0000000740300000, 0x0000000740300000|100%|HS|  |TAMS 0x0000000740300000, 0x0000000740200000| Complete 
|   3|0x0000000740300000, 0x0000000740400000, 0x0000000740400000|100%| O|  |TAMS 0x0000000740400000, 0x0000000740300000| Untracked 
|   4|0x0000000740400000, 0x0000000740500000, 0x0000000740500000|100%| O|  |TAMS 0x0000000740500000, 0x0000000740400000| Untracked 
|   5|0x0000000740500000, 0x0000000740600000, 0x0000000740600000|100%| O|  |TAMS 0x0000000740600000, 0x0000000740500000| Untracked 
|   6|0x0000000740600000, 0x0000000740700000, 0x0000000740700000|100%| O|  |TAMS 0x0000000740700000, 0x0000000740600000| Untracked 
|   7|0x0000000740700000, 0x0000000740800000, 0x0000000740800000|100%| O|  |TAMS 0x0000000740800000, 0x0000000740700000| Untracked 
|   8|0x0000000740800000, 0x0000000740900000, 0x0000000740900000|100%| O|  |TAMS 0x0000000740900000, 0x0000000740800000| Untracked 
|   9|0x0000000740900000, 0x0000000740a00000, 0x0000000740a00000|100%| O|  |TAMS 0x0000000740a00000, 0x0000000740900000| Untracked 
|  10|0x0000000740a00000, 0x0000000740b00000, 0x0000000740b00000|100%| O|  |TAMS 0x0000000740b00000, 0x0000000740a00000| Untracked 
|  11|0x0000000740b00000, 0x0000000740c00000, 0x0000000740c00000|100%| O|  |TAMS 0x0000000740c00000, 0x0000000740b00000| Untracked 
|  12|0x0000000740c00000, 0x0000000740d00000, 0x0000000740d00000|100%| O|  |TAMS 0x0000000740d00000, 0x0000000740c00000| Untracked 
|  13|0x0000000740d00000, 0x0000000740e00000, 0x0000000740e00000|100%| O|  |TAMS 0x0000000740e00000, 0x0000000740d00000| Untracked 
|  14|0x0000000740e00000, 0x0000000740f00000, 0x0000000740f00000|100%| O|  |TAMS 0x0000000740f00000, 0x0000000740e00000| Untracked 
|  15|0x0000000740f00000, 0x0000000741000000, 0x0000000741000000|100%| O|  |TAMS 0x0000000741000000, 0x0000000740f00000| Untracked 
|  16|0x0000000741000000, 0x0000000741100000, 0x0000000741100000|100%| O|  |TAMS 0x0000000741100000, 0x0000000741000000| Untracked 
|  17|0x0000000741100000, 0x0000000741200000, 0x0000000741200000|100%| O|  |TAMS 0x0000000741200000, 0x0000000741100000| Untracked 
|  18|0x0000000741200000, 0x0000000741300000, 0x0000000741300000|100%| O|  |TAMS 0x0000000741300000, 0x0000000741200000| Untracked 
|  19|0x0000000741300000, 0x0000000741400000, 0x0000000741400000|100%| O|  |TAMS 0x0000000741400000, 0x0000000741300000| Untracked 
|  20|0x0000000741400000, 0x0000000741500000, 0x0000000741500000|100%| O|  |TAMS 0x0000000741500000, 0x0000000741400000| Untracked 
|  21|0x0000000741500000, 0x0000000741600000, 0x0000000741600000|100%| O|  |TAMS 0x0000000741600000, 0x0000000741500000| Untracked 
|  22|0x0000000741600000, 0x0000000741700000, 0x0000000741700000|100%| O|  |TAMS 0x0000000741700000, 0x0000000741600000| Untracked 
|  23|0x0000000741700000, 0x0000000741800000, 0x0000000741800000|100%| O|  |TAMS 0x0000000741800000, 0x0000000741700000| Untracked 
|  24|0x0000000741800000, 0x0000000741900000, 0x0000000741900000|100%| O|  |TAMS 0x0000000741900000, 0x0000000741800000| Untracked 
|  25|0x0000000741900000, 0x0000000741a00000, 0x0000000741a00000|100%| O|  |TAMS 0x0000000741a00000, 0x0000000741900000| Untracked 
|  26|0x0000000741a00000, 0x0000000741b00000, 0x0000000741b00000|100%| O|  |TAMS 0x0000000741b00000, 0x0000000741a00000| Untracked 
|  27|0x0000000741b00000, 0x0000000741c00000, 0x0000000741c00000|100%| O|  |TAMS 0x0000000741c00000, 0x0000000741b00000| Untracked 
|  28|0x0000000741c00000, 0x0000000741d00000, 0x0000000741d00000|100%| O|  |TAMS 0x0000000741d00000, 0x0000000741c00000| Untracked 
|  29|0x0000000741d00000, 0x0000000741e00000, 0x0000000741e00000|100%| O|  |TAMS 0x0000000741e00000, 0x0000000741d00000| Untracked 
|  30|0x0000000741e00000, 0x0000000741f00000, 0x0000000741f00000|100%| O|  |TAMS 0x0000000741f00000, 0x0000000741e00000| Untracked 
|  31|0x0000000741f00000, 0x0000000742000000, 0x0000000742000000|100%| O|  |TAMS 0x0000000742000000, 0x0000000741f00000| Untracked 
|  32|0x0000000742000000, 0x0000000742100000, 0x0000000742100000|100%| O|  |TAMS 0x0000000742100000, 0x0000000742000000| Untracked 
|  33|0x0000000742100000, 0x0000000742200000, 0x0000000742200000|100%| O|  |TAMS 0x0000000742200000, 0x0000000742100000| Untracked 
|  34|0x0000000742200000, 0x0000000742300000, 0x0000000742300000|100%| O|  |TAMS 0x0000000742300000, 0x0000000742200000| Untracked 
|  35|0x0000000742300000, 0x0000000742400000, 0x0000000742400000|100%| O|  |TAMS 0x0000000742400000, 0x0000000742300000| Untracked 
|  36|0x0000000742400000, 0x0000000742500000, 0x0000000742500000|100%| O|  |TAMS 0x0000000742500000, 0x0000000742400000| Untracked 
|  37|0x0000000742500000, 0x0000000742600000, 0x0000000742600000|100%| O|  |TAMS 0x0000000742600000, 0x0000000742500000| Untracked 
|  38|0x0000000742600000, 0x0000000742700000, 0x0000000742700000|100%| O|  |TAMS 0x0000000742700000, 0x0000000742600000| Untracked 
|  39|0x0000000742700000, 0x0000000742800000, 0x0000000742800000|100%| O|  |TAMS 0x0000000742800000, 0x0000000742700000| Untracked 
|  40|0x0000000742800000, 0x0000000742900000, 0x0000000742900000|100%| O|  |TAMS 0x0000000742900000, 0x0000000742800000| Untracked 
|  41|0x0000000742900000, 0x0000000742a00000, 0x0000000742a00000|100%| O|  |TAMS 0x0000000742a00000, 0x0000000742900000| Untracked 
|  42|0x0000000742a00000, 0x0000000742b00000, 0x0000000742b00000|100%| O|  |TAMS 0x0000000742b00000, 0x0000000742a00000| Untracked 
|  43|0x0000000742b00000, 0x0000000742c00000, 0x0000000742c00000|100%| O|  |TAMS 0x0000000742c00000, 0x0000000742b00000| Untracked 
|  44|0x0000000742c00000, 0x0000000742d00000, 0x0000000742d00000|100%| O|  |TAMS 0x0000000742d00000, 0x0000000742c00000| Untracked 
|  45|0x0000000742d00000, 0x0000000742e00000, 0x0000000742e00000|100%| O|  |TAMS 0x0000000742e00000, 0x0000000742d00000| Untracked 
|  46|0x0000000742e00000, 0x0000000742f00000, 0x0000000742f00000|100%| O|  |TAMS 0x0000000742f00000, 0x0000000742e00000| Untracked 
|  47|0x0000000742f00000, 0x0000000743000000, 0x0000000743000000|100%| O|  |TAMS 0x0000000743000000, 0x0000000742f00000| Untracked 
|  48|0x0000000743000000, 0x0000000743100000, 0x0000000743100000|100%| O|  |TAMS 0x0000000743100000, 0x0000000743000000| Untracked 
|  49|0x0000000743100000, 0x0000000743200000, 0x0000000743200000|100%| O|  |TAMS 0x0000000743200000, 0x0000000743100000| Untracked 
|  50|0x0000000743200000, 0x0000000743300000, 0x0000000743300000|100%| O|  |TAMS 0x0000000743300000, 0x0000000743200000| Untracked 
|  51|0x0000000743300000, 0x0000000743400000, 0x0000000743400000|100%| O|  |TAMS 0x0000000743400000, 0x0000000743300000| Untracked 
|  52|0x0000000743400000, 0x000000074342da00, 0x0000000743500000| 17%| O|  |TAMS 0x000000074342da00, 0x0000000743400000| Untracked 
|  53|0x0000000743500000, 0x0000000743600000, 0x0000000743600000|100%|HS|  |TAMS 0x0000000743500000, 0x0000000743500000| Complete 
|  54|0x0000000743600000, 0x0000000743700000, 0x0000000743700000|100%|HC|  |TAMS 0x0000000743600000, 0x0000000743600000| Complete 
|  55|0x0000000743700000, 0x0000000743800000, 0x0000000743800000|100%|HC|  |TAMS 0x0000000743700000, 0x0000000743700000| Complete 
|  56|0x0000000743800000, 0x0000000743900000, 0x0000000743900000|100%|HC|  |TAMS 0x0000000743800000, 0x0000000743800000| Complete 
|  57|0x0000000743900000, 0x0000000743a00000, 0x0000000743a00000|100%|HC|  |TAMS 0x0000000743900000, 0x0000000743900000| Complete 
|  58|0x0000000743a00000, 0x0000000743b00000, 0x0000000743b00000|100%|HC|  |TAMS 0x0000000743a00000, 0x0000000743a00000| Complete 
|  59|0x0000000743b00000, 0x0000000743c00000, 0x0000000743c00000|100%|HC|  |TAMS 0x0000000743b00000, 0x0000000743b00000| Complete 
|  60|0x0000000743c00000, 0x0000000743d00000, 0x0000000743d00000|100%|HC|  |TAMS 0x0000000743c00000, 0x0000000743c00000| Complete 
|  61|0x0000000743d00000, 0x0000000743e00000, 0x0000000743e00000|100%|HS|  |TAMS 0x0000000743d00000, 0x0000000743d00000| Complete 
|  62|0x0000000743e00000, 0x0000000743f00000, 0x0000000743f00000|100%|HS|  |TAMS 0x0000000743e00000, 0x0000000743e00000| Complete 
|  63|0x0000000743f00000, 0x0000000744000000, 0x0000000744000000|100%|HS|  |TAMS 0x0000000743f00000, 0x0000000743f00000| Complete 
|  64|0x0000000744000000, 0x0000000744000000, 0x0000000744100000|  0%| F|  |TAMS 0x0000000744000000, 0x0000000744000000| Untracked 
|  65|0x0000000744100000, 0x0000000744100000, 0x0000000744200000|  0%| F|  |TAMS 0x0000000744100000, 0x0000000744100000| Untracked 
|  66|0x0000000744200000, 0x0000000744200000, 0x0000000744300000|  0%| F|  |TAMS 0x0000000744200000, 0x0000000744200000| Untracked 
|  67|0x0000000744300000, 0x0000000744300000, 0x0000000744400000|  0%| F|  |TAMS 0x0000000744300000, 0x0000000744300000| Untracked 
|  68|0x0000000744400000, 0x0000000744400000, 0x0000000744500000|  0%| F|  |TAMS 0x0000000744400000, 0x0000000744400000| Untracked 
|  69|0x0000000744500000, 0x0000000744500000, 0x0000000744600000|  0%| F|  |TAMS 0x0000000744500000, 0x0000000744500000| Untracked 
|  70|0x0000000744600000, 0x0000000744600000, 0x0000000744700000|  0%| F|  |TAMS 0x0000000744600000, 0x0000000744600000| Untracked 
|  71|0x0000000744700000, 0x0000000744700000, 0x0000000744800000|  0%| F|  |TAMS 0x0000000744700000, 0x0000000744700000| Untracked 
|  72|0x0000000744800000, 0x0000000744800000, 0x0000000744900000|  0%| F|  |TAMS 0x0000000744800000, 0x0000000744800000| Untracked 
|  73|0x0000000744900000, 0x0000000744900000, 0x0000000744a00000|  0%| F|  |TAMS 0x0000000744900000, 0x0000000744900000| Untracked 
|  74|0x0000000744a00000, 0x0000000744a00000, 0x0000000744b00000|  0%| F|  |TAMS 0x0000000744a00000, 0x0000000744a00000| Untracked 
|  75|0x0000000744b00000, 0x0000000744b00000, 0x0000000744c00000|  0%| F|  |TAMS 0x0000000744b00000, 0x0000000744b00000| Untracked 
|  76|0x0000000744c00000, 0x0000000744c00000, 0x0000000744d00000|  0%| F|  |TAMS 0x0000000744c00000, 0x0000000744c00000| Untracked 
|  77|0x0000000744d00000, 0x0000000744d00000, 0x0000000744e00000|  0%| F|  |TAMS 0x0000000744d00000, 0x0000000744d00000| Untracked 
|  78|0x0000000744e00000, 0x0000000744e00000, 0x0000000744f00000|  0%| F|  |TAMS 0x0000000744e00000, 0x0000000744e00000| Untracked 
|  79|0x0000000744f00000, 0x0000000744f00000, 0x0000000745000000|  0%| F|  |TAMS 0x0000000744f00000, 0x0000000744f00000| Untracked 
|  80|0x0000000745000000, 0x0000000745000000, 0x0000000745100000|  0%| F|  |TAMS 0x0000000745000000, 0x0000000745000000| Untracked 
|  81|0x0000000745100000, 0x0000000745100000, 0x0000000745200000|  0%| F|  |TAMS 0x0000000745100000, 0x0000000745100000| Untracked 
|  82|0x0000000745200000, 0x0000000745200000, 0x0000000745300000|  0%| F|  |TAMS 0x0000000745200000, 0x0000000745200000| Untracked 
|  83|0x0000000745300000, 0x0000000745300000, 0x0000000745400000|  0%| F|  |TAMS 0x0000000745300000, 0x0000000745300000| Untracked 
|  84|0x0000000745400000, 0x0000000745400000, 0x0000000745500000|  0%| F|  |TAMS 0x0000000745400000, 0x0000000745400000| Untracked 
|  85|0x0000000745500000, 0x0000000745500000, 0x0000000745600000|  0%| F|  |TAMS 0x0000000745500000, 0x0000000745500000| Untracked 
|  86|0x0000000745600000, 0x0000000745600000, 0x0000000745700000|  0%| F|  |TAMS 0x0000000745600000, 0x0000000745600000| Untracked 
|  87|0x0000000745700000, 0x0000000745700000, 0x0000000745800000|  0%| F|  |TAMS 0x0000000745700000, 0x0000000745700000| Untracked 
|  88|0x0000000745800000, 0x0000000745800000, 0x0000000745900000|  0%| F|  |TAMS 0x0000000745800000, 0x0000000745800000| Untracked 
|  89|0x0000000745900000, 0x0000000745900000, 0x0000000745a00000|  0%| F|  |TAMS 0x0000000745900000, 0x0000000745900000| Untracked 
|  90|0x0000000745a00000, 0x0000000745a00000, 0x0000000745b00000|  0%| F|  |TAMS 0x0000000745a00000, 0x0000000745a00000| Untracked 
|  91|0x0000000745b00000, 0x0000000745b00000, 0x0000000745c00000|  0%| F|  |TAMS 0x0000000745b00000, 0x0000000745b00000| Untracked 
|  92|0x0000000745c00000, 0x0000000745c00000, 0x0000000745d00000|  0%| F|  |TAMS 0x0000000745c00000, 0x0000000745c00000| Untracked 
|  93|0x0000000745d00000, 0x0000000745d00000, 0x0000000745e00000|  0%| F|  |TAMS 0x0000000745d00000, 0x0000000745d00000| Untracked 
|  94|0x0000000745e00000, 0x0000000745e00000, 0x0000000745f00000|  0%| F|  |TAMS 0x0000000745e00000, 0x0000000745e00000| Untracked 
|  95|0x0000000745f00000, 0x0000000745f00000, 0x0000000746000000|  0%| F|  |TAMS 0x0000000745f00000, 0x0000000745f00000| Untracked 
|  96|0x0000000746000000, 0x0000000746000000, 0x0000000746100000|  0%| F|  |TAMS 0x0000000746000000, 0x0000000746000000| Untracked 
|  97|0x0000000746100000, 0x0000000746100000, 0x0000000746200000|  0%| F|  |TAMS 0x0000000746100000, 0x0000000746100000| Untracked 
|  98|0x0000000746200000, 0x0000000746200000, 0x0000000746300000|  0%| F|  |TAMS 0x0000000746200000, 0x0000000746200000| Untracked 
|  99|0x0000000746300000, 0x0000000746300000, 0x0000000746400000|  0%| F|  |TAMS 0x0000000746300000, 0x0000000746300000| Untracked 
| 100|0x0000000746400000, 0x0000000746400000, 0x0000000746500000|  0%| F|  |TAMS 0x0000000746400000, 0x0000000746400000| Untracked 
| 101|0x0000000746500000, 0x0000000746500000, 0x0000000746600000|  0%| F|  |TAMS 0x0000000746500000, 0x0000000746500000| Untracked 
| 102|0x0000000746600000, 0x0000000746600000, 0x0000000746700000|  0%| F|  |TAMS 0x0000000746600000, 0x0000000746600000| Untracked 
| 103|0x0000000746700000, 0x0000000746700000, 0x0000000746800000|  0%| F|  |TAMS 0x0000000746700000, 0x0000000746700000| Untracked 
| 104|0x0000000746800000, 0x0000000746800000, 0x0000000746900000|  0%| F|  |TAMS 0x0000000746800000, 0x0000000746800000| Untracked 
| 105|0x0000000746900000, 0x0000000746900000, 0x0000000746a00000|  0%| F|  |TAMS 0x0000000746900000, 0x0000000746900000| Untracked 
| 106|0x0000000746a00000, 0x0000000746a00000, 0x0000000746b00000|  0%| F|  |TAMS 0x0000000746a00000, 0x0000000746a00000| Untracked 
| 107|0x0000000746b00000, 0x0000000746b00000, 0x0000000746c00000|  0%| F|  |TAMS 0x0000000746b00000, 0x0000000746b00000| Untracked 
| 108|0x0000000746c00000, 0x0000000746c00000, 0x0000000746d00000|  0%| F|  |TAMS 0x0000000746c00000, 0x0000000746c00000| Untracked 
| 109|0x0000000746d00000, 0x0000000746d00000, 0x0000000746e00000|  0%| F|  |TAMS 0x0000000746d00000, 0x0000000746d00000| Untracked 
| 110|0x0000000746e00000, 0x0000000746e00000, 0x0000000746f00000|  0%| F|  |TAMS 0x0000000746e00000, 0x0000000746e00000| Untracked 
| 111|0x0000000746f00000, 0x0000000746f00000, 0x0000000747000000|  0%| F|  |TAMS 0x0000000746f00000, 0x0000000746f00000| Untracked 
| 112|0x0000000747000000, 0x0000000747000000, 0x0000000747100000|  0%| F|  |TAMS 0x0000000747000000, 0x0000000747000000| Untracked 
| 113|0x0000000747100000, 0x0000000747100000, 0x0000000747200000|  0%| F|  |TAMS 0x0000000747100000, 0x0000000747100000| Untracked 
| 114|0x0000000747200000, 0x0000000747200000, 0x0000000747300000|  0%| F|  |TAMS 0x0000000747200000, 0x0000000747200000| Untracked 
| 115|0x0000000747300000, 0x0000000747300000, 0x0000000747400000|  0%| F|  |TAMS 0x0000000747300000, 0x0000000747300000| Untracked 
| 116|0x0000000747400000, 0x0000000747400000, 0x0000000747500000|  0%| F|  |TAMS 0x0000000747400000, 0x0000000747400000| Untracked 
| 117|0x0000000747500000, 0x0000000747500000, 0x0000000747600000|  0%| F|  |TAMS 0x0000000747500000, 0x0000000747500000| Untracked 
| 118|0x0000000747600000, 0x0000000747600000, 0x0000000747700000|  0%| F|  |TAMS 0x0000000747600000, 0x0000000747600000| Untracked 
| 119|0x0000000747700000, 0x0000000747700000, 0x0000000747800000|  0%| F|  |TAMS 0x0000000747700000, 0x0000000747700000| Untracked 
| 120|0x0000000747800000, 0x0000000747800000, 0x0000000747900000|  0%| F|  |TAMS 0x0000000747800000, 0x0000000747800000| Untracked 
| 121|0x0000000747900000, 0x0000000747900000, 0x0000000747a00000|  0%| F|  |TAMS 0x0000000747900000, 0x0000000747900000| Untracked 
| 122|0x0000000747a00000, 0x0000000747a00000, 0x0000000747b00000|  0%| F|  |TAMS 0x0000000747a00000, 0x0000000747a00000| Untracked 
| 123|0x0000000747b00000, 0x0000000747b00000, 0x0000000747c00000|  0%| F|  |TAMS 0x0000000747b00000, 0x0000000747b00000| Untracked 
| 124|0x0000000747c00000, 0x0000000747c00000, 0x0000000747d00000|  0%| F|  |TAMS 0x0000000747c00000, 0x0000000747c00000| Untracked 
| 125|0x0000000747d00000, 0x0000000747d00000, 0x0000000747e00000|  0%| F|  |TAMS 0x0000000747d00000, 0x0000000747d00000| Untracked 
| 126|0x0000000747e00000, 0x0000000747e00000, 0x0000000747f00000|  0%| F|  |TAMS 0x0000000747e00000, 0x0000000747e00000| Untracked 
| 127|0x0000000747f00000, 0x0000000747f00000, 0x0000000748000000|  0%| F|  |TAMS 0x0000000747f00000, 0x0000000747f00000| Untracked 
| 128|0x0000000748000000, 0x0000000748000000, 0x0000000748100000|  0%| F|  |TAMS 0x0000000748000000, 0x0000000748000000| Untracked 
| 129|0x0000000748100000, 0x0000000748100000, 0x0000000748200000|  0%| F|  |TAMS 0x0000000748100000, 0x0000000748100000| Untracked 
| 130|0x0000000748200000, 0x0000000748200000, 0x0000000748300000|  0%| F|  |TAMS 0x0000000748200000, 0x0000000748200000| Untracked 
| 131|0x0000000748300000, 0x0000000748300000, 0x0000000748400000|  0%| F|  |TAMS 0x0000000748300000, 0x0000000748300000| Untracked 
| 132|0x0000000748400000, 0x0000000748400000, 0x0000000748500000|  0%| F|  |TAMS 0x0000000748400000, 0x0000000748400000| Untracked 
| 133|0x0000000748500000, 0x0000000748500000, 0x0000000748600000|  0%| F|  |TAMS 0x0000000748500000, 0x0000000748500000| Untracked 
| 134|0x0000000748600000, 0x0000000748600000, 0x0000000748700000|  0%| F|  |TAMS 0x0000000748600000, 0x0000000748600000| Untracked 
| 135|0x0000000748700000, 0x0000000748700000, 0x0000000748800000|  0%| F|  |TAMS 0x0000000748700000, 0x0000000748700000| Untracked 
| 136|0x0000000748800000, 0x0000000748800000, 0x0000000748900000|  0%| F|  |TAMS 0x0000000748800000, 0x0000000748800000| Untracked 
| 137|0x0000000748900000, 0x0000000748900000, 0x0000000748a00000|  0%| F|  |TAMS 0x0000000748900000, 0x0000000748900000| Untracked 
| 138|0x0000000748a00000, 0x0000000748a00000, 0x0000000748b00000|  0%| F|  |TAMS 0x0000000748a00000, 0x0000000748a00000| Untracked 
| 139|0x0000000748b00000, 0x0000000748b00000, 0x0000000748c00000|  0%| F|  |TAMS 0x0000000748b00000, 0x0000000748b00000| Untracked 
| 140|0x0000000748c00000, 0x0000000748c00000, 0x0000000748d00000|  0%| F|  |TAMS 0x0000000748c00000, 0x0000000748c00000| Untracked 
| 141|0x0000000748d00000, 0x0000000748d00000, 0x0000000748e00000|  0%| F|  |TAMS 0x0000000748d00000, 0x0000000748d00000| Untracked 
| 142|0x0000000748e00000, 0x0000000748e00000, 0x0000000748f00000|  0%| F|  |TAMS 0x0000000748e00000, 0x0000000748e00000| Untracked 
| 143|0x0000000748f00000, 0x0000000748f00000, 0x0000000749000000|  0%| F|  |TAMS 0x0000000748f00000, 0x0000000748f00000| Untracked 
| 144|0x0000000749000000, 0x0000000749000000, 0x0000000749100000|  0%| F|  |TAMS 0x0000000749000000, 0x0000000749000000| Untracked 
| 145|0x0000000749100000, 0x0000000749100000, 0x0000000749200000|  0%| F|  |TAMS 0x0000000749100000, 0x0000000749100000| Untracked 
| 146|0x0000000749200000, 0x0000000749200000, 0x0000000749300000|  0%| F|  |TAMS 0x0000000749200000, 0x0000000749200000| Untracked 
| 147|0x0000000749300000, 0x0000000749300000, 0x0000000749400000|  0%| F|  |TAMS 0x0000000749300000, 0x0000000749300000| Untracked 
| 148|0x0000000749400000, 0x0000000749400000, 0x0000000749500000|  0%| F|  |TAMS 0x0000000749400000, 0x0000000749400000| Untracked 
| 149|0x0000000749500000, 0x0000000749500000, 0x0000000749600000|  0%| F|  |TAMS 0x0000000749500000, 0x0000000749500000| Untracked 
| 150|0x0000000749600000, 0x0000000749600000, 0x0000000749700000|  0%| F|  |TAMS 0x0000000749600000, 0x0000000749600000| Untracked 
| 151|0x0000000749700000, 0x0000000749700000, 0x0000000749800000|  0%| F|  |TAMS 0x0000000749700000, 0x0000000749700000| Untracked 
| 152|0x0000000749800000, 0x0000000749800000, 0x0000000749900000|  0%| F|  |TAMS 0x0000000749800000, 0x0000000749800000| Untracked 
| 153|0x0000000749900000, 0x0000000749900000, 0x0000000749a00000|  0%| F|  |TAMS 0x0000000749900000, 0x0000000749900000| Untracked 
| 154|0x0000000749a00000, 0x0000000749a00000, 0x0000000749b00000|  0%| F|  |TAMS 0x0000000749a00000, 0x0000000749a00000| Untracked 
| 155|0x0000000749b00000, 0x0000000749b00000, 0x0000000749c00000|  0%| F|  |TAMS 0x0000000749b00000, 0x0000000749b00000| Untracked 
| 156|0x0000000749c00000, 0x0000000749c00000, 0x0000000749d00000|  0%| F|  |TAMS 0x0000000749c00000, 0x0000000749c00000| Untracked 
| 157|0x0000000749d00000, 0x0000000749d00000, 0x0000000749e00000|  0%| F|  |TAMS 0x0000000749d00000, 0x0000000749d00000| Untracked 
| 158|0x0000000749e00000, 0x0000000749e00000, 0x0000000749f00000|  0%| F|  |TAMS 0x0000000749e00000, 0x0000000749e00000| Untracked 
| 159|0x0000000749f00000, 0x0000000749f00000, 0x000000074a000000|  0%| F|  |TAMS 0x0000000749f00000, 0x0000000749f00000| Untracked 
| 160|0x000000074a000000, 0x000000074a000000, 0x000000074a100000|  0%| F|  |TAMS 0x000000074a000000, 0x000000074a000000| Untracked 
| 161|0x000000074a100000, 0x000000074a100000, 0x000000074a200000|  0%| F|  |TAMS 0x000000074a100000, 0x000000074a100000| Untracked 
| 162|0x000000074a200000, 0x000000074a200000, 0x000000074a300000|  0%| F|  |TAMS 0x000000074a200000, 0x000000074a200000| Untracked 
| 163|0x000000074a300000, 0x000000074a300000, 0x000000074a400000|  0%| F|  |TAMS 0x000000074a300000, 0x000000074a300000| Untracked 
| 164|0x000000074a400000, 0x000000074a400000, 0x000000074a500000|  0%| F|  |TAMS 0x000000074a400000, 0x000000074a400000| Untracked 
| 165|0x000000074a500000, 0x000000074a500000, 0x000000074a600000|  0%| F|  |TAMS 0x000000074a500000, 0x000000074a500000| Untracked 
| 166|0x000000074a600000, 0x000000074a600000, 0x000000074a700000|  0%| F|  |TAMS 0x000000074a600000, 0x000000074a600000| Untracked 
| 167|0x000000074a700000, 0x000000074a700000, 0x000000074a800000|  0%| F|  |TAMS 0x000000074a700000, 0x000000074a700000| Untracked 
| 168|0x000000074a800000, 0x000000074a800000, 0x000000074a900000|  0%| F|  |TAMS 0x000000074a800000, 0x000000074a800000| Untracked 
| 169|0x000000074a900000, 0x000000074a900000, 0x000000074aa00000|  0%| F|  |TAMS 0x000000074a900000, 0x000000074a900000| Untracked 
| 170|0x000000074aa00000, 0x000000074aa00000, 0x000000074ab00000|  0%| F|  |TAMS 0x000000074aa00000, 0x000000074aa00000| Untracked 
| 171|0x000000074ab00000, 0x000000074ab00000, 0x000000074ac00000|  0%| F|  |TAMS 0x000000074ab00000, 0x000000074ab00000| Untracked 
| 172|0x000000074ac00000, 0x000000074ac00000, 0x000000074ad00000|  0%| F|  |TAMS 0x000000074ac00000, 0x000000074ac00000| Untracked 
| 173|0x000000074ad00000, 0x000000074ad00000, 0x000000074ae00000|  0%| F|  |TAMS 0x000000074ad00000, 0x000000074ad00000| Untracked 
| 174|0x000000074ae00000, 0x000000074ae00000, 0x000000074af00000|  0%| F|  |TAMS 0x000000074ae00000, 0x000000074ae00000| Untracked 
| 175|0x000000074af00000, 0x000000074af00000, 0x000000074b000000|  0%| F|  |TAMS 0x000000074af00000, 0x000000074af00000| Untracked 
| 176|0x000000074b000000, 0x000000074b000000, 0x000000074b100000|  0%| F|  |TAMS 0x000000074b000000, 0x000000074b000000| Untracked 
| 177|0x000000074b100000, 0x000000074b100000, 0x000000074b200000|  0%| F|  |TAMS 0x000000074b100000, 0x000000074b100000| Untracked 
| 178|0x000000074b200000, 0x000000074b200000, 0x000000074b300000|  0%| F|  |TAMS 0x000000074b200000, 0x000000074b200000| Untracked 
| 179|0x000000074b300000, 0x000000074b300000, 0x000000074b400000|  0%| F|  |TAMS 0x000000074b300000, 0x000000074b300000| Untracked 
| 180|0x000000074b400000, 0x000000074b400000, 0x000000074b500000|  0%| F|  |TAMS 0x000000074b400000, 0x000000074b400000| Untracked 
| 181|0x000000074b500000, 0x000000074b500000, 0x000000074b600000|  0%| F|  |TAMS 0x000000074b500000, 0x000000074b500000| Untracked 
| 182|0x000000074b600000, 0x000000074b600000, 0x000000074b700000|  0%| F|  |TAMS 0x000000074b600000, 0x000000074b600000| Untracked 
| 183|0x000000074b700000, 0x000000074b700000, 0x000000074b800000|  0%| F|  |TAMS 0x000000074b700000, 0x000000074b700000| Untracked 
| 184|0x000000074b800000, 0x000000074b800000, 0x000000074b900000|  0%| F|  |TAMS 0x000000074b800000, 0x000000074b800000| Untracked 
| 185|0x000000074b900000, 0x000000074b900000, 0x000000074ba00000|  0%| F|  |TAMS 0x000000074b900000, 0x000000074b900000| Untracked 
| 186|0x000000074ba00000, 0x000000074ba00000, 0x000000074bb00000|  0%| F|  |TAMS 0x000000074ba00000, 0x000000074ba00000| Untracked 
| 187|0x000000074bb00000, 0x000000074bb00000, 0x000000074bc00000|  0%| F|  |TAMS 0x000000074bb00000, 0x000000074bb00000| Untracked 
| 188|0x000000074bc00000, 0x000000074bc00000, 0x000000074bd00000|  0%| F|  |TAMS 0x000000074bc00000, 0x000000074bc00000| Untracked 
| 189|0x000000074bd00000, 0x000000074bd00000, 0x000000074be00000|  0%| F|  |TAMS 0x000000074bd00000, 0x000000074bd00000| Untracked 
| 190|0x000000074be00000, 0x000000074be00000, 0x000000074bf00000|  0%| F|  |TAMS 0x000000074be00000, 0x000000074be00000| Untracked 
| 191|0x000000074bf00000, 0x000000074bf00000, 0x000000074c000000|  0%| F|  |TAMS 0x000000074bf00000, 0x000000074bf00000| Untracked 
| 192|0x000000074c000000, 0x000000074c000000, 0x000000074c100000|  0%| F|  |TAMS 0x000000074c000000, 0x000000074c000000| Untracked 
| 193|0x000000074c100000, 0x000000074c100000, 0x000000074c200000|  0%| F|  |TAMS 0x000000074c100000, 0x000000074c100000| Untracked 
| 194|0x000000074c200000, 0x000000074c200000, 0x000000074c300000|  0%| F|  |TAMS 0x000000074c200000, 0x000000074c200000| Untracked 
| 195|0x000000074c300000, 0x000000074c300000, 0x000000074c400000|  0%| F|  |TAMS 0x000000074c300000, 0x000000074c300000| Untracked 
| 196|0x000000074c400000, 0x000000074c400000, 0x000000074c500000|  0%| F|  |TAMS 0x000000074c400000, 0x000000074c400000| Untracked 
| 197|0x000000074c500000, 0x000000074c500000, 0x000000074c600000|  0%| F|  |TAMS 0x000000074c500000, 0x000000074c500000| Untracked 
| 198|0x000000074c600000, 0x000000074c600000, 0x000000074c700000|  0%| F|  |TAMS 0x000000074c600000, 0x000000074c600000| Untracked 
| 199|0x000000074c700000, 0x000000074c700000, 0x000000074c800000|  0%| F|  |TAMS 0x000000074c700000, 0x000000074c700000| Untracked 
| 200|0x000000074c800000, 0x000000074c800000, 0x000000074c900000|  0%| F|  |TAMS 0x000000074c800000, 0x000000074c800000| Untracked 
| 201|0x000000074c900000, 0x000000074c900000, 0x000000074ca00000|  0%| F|  |TAMS 0x000000074c900000, 0x000000074c900000| Untracked 
| 202|0x000000074ca00000, 0x000000074ca00000, 0x000000074cb00000|  0%| F|  |TAMS 0x000000074ca00000, 0x000000074ca00000| Untracked 
| 203|0x000000074cb00000, 0x000000074cb00000, 0x000000074cc00000|  0%| F|  |TAMS 0x000000074cb00000, 0x000000074cb00000| Untracked 
| 204|0x000000074cc00000, 0x000000074cc00000, 0x000000074cd00000|  0%| F|  |TAMS 0x000000074cc00000, 0x000000074cc00000| Untracked 
| 205|0x000000074cd00000, 0x000000074cd00000, 0x000000074ce00000|  0%| F|  |TAMS 0x000000074cd00000, 0x000000074cd00000| Untracked 
| 206|0x000000074ce00000, 0x000000074ce00000, 0x000000074cf00000|  0%| F|  |TAMS 0x000000074ce00000, 0x000000074ce00000| Untracked 
| 207|0x000000074cf00000, 0x000000074cf00000, 0x000000074d000000|  0%| F|  |TAMS 0x000000074cf00000, 0x000000074cf00000| Untracked 
| 208|0x000000074d000000, 0x000000074d000000, 0x000000074d100000|  0%| F|  |TAMS 0x000000074d000000, 0x000000074d000000| Untracked 
| 209|0x000000074d100000, 0x000000074d100000, 0x000000074d200000|  0%| F|  |TAMS 0x000000074d100000, 0x000000074d100000| Untracked 
| 210|0x000000074d200000, 0x000000074d200000, 0x000000074d300000|  0%| F|  |TAMS 0x000000074d200000, 0x000000074d200000| Untracked 
| 211|0x000000074d300000, 0x000000074d300000, 0x000000074d400000|  0%| F|  |TAMS 0x000000074d300000, 0x000000074d300000| Untracked 
| 212|0x000000074d400000, 0x000000074d400000, 0x000000074d500000|  0%| F|  |TAMS 0x000000074d400000, 0x000000074d400000| Untracked 
| 213|0x000000074d500000, 0x000000074d500000, 0x000000074d600000|  0%| F|  |TAMS 0x000000074d500000, 0x000000074d500000| Untracked 
| 214|0x000000074d600000, 0x000000074d600000, 0x000000074d700000|  0%| F|  |TAMS 0x000000074d600000, 0x000000074d600000| Untracked 
| 215|0x000000074d700000, 0x000000074d700000, 0x000000074d800000|  0%| F|  |TAMS 0x000000074d700000, 0x000000074d700000| Untracked 
| 216|0x000000074d800000, 0x000000074d800000, 0x000000074d900000|  0%| F|  |TAMS 0x000000074d800000, 0x000000074d800000| Untracked 
| 217|0x000000074d900000, 0x000000074d900000, 0x000000074da00000|  0%| F|  |TAMS 0x000000074d900000, 0x000000074d900000| Untracked 
| 218|0x000000074da00000, 0x000000074da00000, 0x000000074db00000|  0%| F|  |TAMS 0x000000074da00000, 0x000000074da00000| Untracked 
| 219|0x000000074db00000, 0x000000074db00000, 0x000000074dc00000|  0%| F|  |TAMS 0x000000074db00000, 0x000000074db00000| Untracked 
| 220|0x000000074dc00000, 0x000000074dc00000, 0x000000074dd00000|  0%| F|  |TAMS 0x000000074dc00000, 0x000000074dc00000| Untracked 
| 221|0x000000074dd00000, 0x000000074dd15b80, 0x000000074de00000|  8%| E|  |TAMS 0x000000074dd00000, 0x000000074dd00000| Complete 
| 222|0x000000074de00000, 0x000000074df00000, 0x000000074df00000|100%| E|CS|TAMS 0x000000074de00000, 0x000000074de00000| Complete 
| 223|0x000000074df00000, 0x000000074e000000, 0x000000074e000000|100%| E|CS|TAMS 0x000000074df00000, 0x000000074df00000| Complete 
| 224|0x000000074e000000, 0x000000074e100000, 0x000000074e100000|100%| E|CS|TAMS 0x000000074e000000, 0x000000074e000000| Complete 
| 225|0x000000074e100000, 0x000000074e200000, 0x000000074e200000|100%| E|CS|TAMS 0x000000074e100000, 0x000000074e100000| Complete 
| 226|0x000000074e200000, 0x000000074e300000, 0x000000074e300000|100%| E|CS|TAMS 0x000000074e200000, 0x000000074e200000| Complete 
| 227|0x000000074e300000, 0x000000074e400000, 0x000000074e400000|100%| E|CS|TAMS 0x000000074e300000, 0x000000074e300000| Complete 
| 228|0x000000074e400000, 0x000000074e500000, 0x000000074e500000|100%| E|CS|TAMS 0x000000074e400000, 0x000000074e400000| Complete 
| 229|0x000000074e500000, 0x000000074e600000, 0x000000074e600000|100%| E|CS|TAMS 0x000000074e500000, 0x000000074e500000| Complete 
| 230|0x000000074e600000, 0x000000074e700000, 0x000000074e700000|100%| E|CS|TAMS 0x000000074e600000, 0x000000074e600000| Complete 
| 231|0x000000074e700000, 0x000000074e800000, 0x000000074e800000|100%| E|CS|TAMS 0x000000074e700000, 0x000000074e700000| Complete 
| 232|0x000000074e800000, 0x000000074e900000, 0x000000074e900000|100%| E|CS|TAMS 0x000000074e800000, 0x000000074e800000| Complete 
| 233|0x000000074e900000, 0x000000074ea00000, 0x000000074ea00000|100%| E|CS|TAMS 0x000000074e900000, 0x000000074e900000| Complete 
| 234|0x000000074ea00000, 0x000000074eb00000, 0x000000074eb00000|100%| E|CS|TAMS 0x000000074ea00000, 0x000000074ea00000| Complete 
| 235|0x000000074eb00000, 0x000000074ec00000, 0x000000074ec00000|100%| E|CS|TAMS 0x000000074eb00000, 0x000000074eb00000| Complete 
| 236|0x000000074ec00000, 0x000000074ed00000, 0x000000074ed00000|100%| E|CS|TAMS 0x000000074ec00000, 0x000000074ec00000| Complete 
| 237|0x000000074ed00000, 0x000000074ee00000, 0x000000074ee00000|100%| E|CS|TAMS 0x000000074ed00000, 0x000000074ed00000| Complete 
| 238|0x000000074ee00000, 0x000000074ef00000, 0x000000074ef00000|100%| E|CS|TAMS 0x000000074ee00000, 0x000000074ee00000| Complete 
| 239|0x000000074ef00000, 0x000000074f000000, 0x000000074f000000|100%| E|CS|TAMS 0x000000074ef00000, 0x000000074ef00000| Complete 
| 240|0x000000074f000000, 0x000000074f100000, 0x000000074f100000|100%| E|CS|TAMS 0x000000074f000000, 0x000000074f000000| Complete 
| 241|0x000000074f100000, 0x000000074f200000, 0x000000074f200000|100%| E|CS|TAMS 0x000000074f100000, 0x000000074f100000| Complete 
| 242|0x000000074f200000, 0x000000074f300000, 0x000000074f300000|100%| E|CS|TAMS 0x000000074f200000, 0x000000074f200000| Complete 
| 243|0x000000074f300000, 0x000000074f400000, 0x000000074f400000|100%| E|CS|TAMS 0x000000074f300000, 0x000000074f300000| Complete 
| 244|0x000000074f400000, 0x000000074f500000, 0x000000074f500000|100%| E|CS|TAMS 0x000000074f400000, 0x000000074f400000| Complete 
| 245|0x000000074f500000, 0x000000074f600000, 0x000000074f600000|100%| E|CS|TAMS 0x000000074f500000, 0x000000074f500000| Complete 
| 246|0x000000074f600000, 0x000000074f700000, 0x000000074f700000|100%| E|CS|TAMS 0x000000074f600000, 0x000000074f600000| Complete 
| 247|0x000000074f700000, 0x000000074f800000, 0x000000074f800000|100%| E|CS|TAMS 0x000000074f700000, 0x000000074f700000| Complete 
| 248|0x000000074f800000, 0x000000074f900000, 0x000000074f900000|100%| E|CS|TAMS 0x000000074f800000, 0x000000074f800000| Complete 
| 249|0x000000074f900000, 0x000000074fa00000, 0x000000074fa00000|100%| E|CS|TAMS 0x000000074f900000, 0x000000074f900000| Complete 
| 250|0x000000074fa00000, 0x000000074fb00000, 0x000000074fb00000|100%| E|CS|TAMS 0x000000074fa00000, 0x000000074fa00000| Complete 
| 251|0x000000074fb00000, 0x000000074fc00000, 0x000000074fc00000|100%| E|CS|TAMS 0x000000074fb00000, 0x000000074fb00000| Complete 
| 252|0x000000074fc00000, 0x000000074fc1a348, 0x000000074fd00000| 10%| S|CS|TAMS 0x000000074fc00000, 0x000000074fc00000| Complete 
| 253|0x000000074fd00000, 0x000000074fe00000, 0x000000074fe00000|100%| S|CS|TAMS 0x000000074fd00000, 0x000000074fd00000| Complete 
| 254|0x000000074fe00000, 0x000000074ff00000, 0x000000074ff00000|100%| E|CS|TAMS 0x000000074fe00000, 0x000000074fe00000| Complete 
| 255|0x000000074ff00000, 0x0000000750000000, 0x0000000750000000|100%| E|CS|TAMS 0x000000074ff00000, 0x000000074ff00000| Complete 

Card table byte_map: [0x00000155abf30000,0x00000155ac530000] _byte_map_base: 0x00000155a8530000

Marking Bits (Prev, Next): (CMBitMap*) 0x00000155ab5fe910, (CMBitMap*) 0x00000155ab5fe8d8
 Prev Bits: [0x00000155c93f0000, 0x00000155cc3f0000)
 Next Bits: [0x00000155c63f0000, 0x00000155c93f0000)

Polling page: 0x00000155a2c40000

Metaspace:

Usage:
  Non-class:     52.79 MB capacity,    52.07 MB ( 99%) used,   569.42 KB (  1%) free+waste,   169.13 KB ( <1%) overhead. 
      Class:      7.88 MB capacity,     7.32 MB ( 93%) used,   487.01 KB (  6%) free+waste,    80.25 KB ( <1%) overhead. 
       Both:     60.67 MB capacity,    59.39 MB ( 98%) used,     1.03 MB (  2%) free+waste,   249.38 KB ( <1%) overhead. 

Virtual space:
  Non-class space:       54.00 MB reserved,      52.86 MB ( 98%) committed 
      Class space:        1.00 GB reserved,       8.00 MB ( <1%) committed 
             Both:        1.05 GB reserved,      60.86 MB (  6%) committed 

Chunk freelists:
   Non-Class:  3.00 KB
       Class:  0 bytes
        Both:  3.00 KB

MaxMetaspaceSize: 17179869184.00 GB
CompressedClassSpaceSize: 1.00 GB

CodeHeap 'non-profiled nmethods': size=119168Kb used=6121Kb max_used=6121Kb free=113046Kb
 bounds [0x00000155bef90000, 0x00000155bf590000, 0x00000155c63f0000]
CodeHeap 'profiled nmethods': size=119168Kb used=24352Kb max_used=24352Kb free=94815Kb
 bounds [0x00000155b7b30000, 0x00000155b9300000, 0x00000155bef90000]
CodeHeap 'non-nmethods': size=7424Kb used=3168Kb max_used=3206Kb free=4255Kb
 bounds [0x00000155b73f0000, 0x00000155b7740000, 0x00000155b7b30000]
 total_blobs=10216 nmethods=9254 adapters=867
 compilation: enabled
              stopped_count=0, restarted_count=0
 full_count=0

Compilation events (20 events):
Event: 28.245 Thread 0x00000155d3e04000 nmethod 9258 0x00000155b92e9b90 code [0x00000155b92e9dc0, 0x00000155b92ea648]
Event: 28.245 Thread 0x00000155d3e04000 9260       3       sun.awt.image.SurfaceManager::getImageScaleX (22 bytes)
Event: 28.245 Thread 0x00000155d3e04000 nmethod 9260 0x00000155b92ea910 code [0x00000155b92eab20, 0x00000155b92eaf28]
Event: 28.245 Thread 0x00000155d3e04000 9261       3       sun.awt.image.SurfaceManager::getImageScaleY (22 bytes)
Event: 28.246 Thread 0x00000155d3e0a800 nmethod 9256 0x00000155b92eb010 code [0x00000155b92eb3c0, 0x00000155b92ec4b8]
Event: 28.246 Thread 0x00000155d3e04000 nmethod 9261 0x00000155b92ec990 code [0x00000155b92ecba0, 0x00000155b92ecfa8]
Event: 28.246 Thread 0x00000155d3e0a800 9262       3       sun.java2d.pipe.DrawImage::transformImage (124 bytes)
Event: 28.246 Thread 0x00000155d3e0a800 nmethod 9262 0x00000155b92ed090 code [0x00000155b92ed2c0, 0x00000155b92ed7a8]
Event: 28.246 Thread 0x00000155d3e03000 nmethod 9259 0x00000155b92ed990 code [0x00000155b92edd60, 0x00000155b92ef4d8]
Event: 28.247 Thread 0x00000155aec6a000 nmethod 9257 0x00000155b92efe90 code [0x00000155b92f0420, 0x00000155b92f3128]
Event: 28.310 Thread 0x00000155aec61800 9263       4       java.util.StringTokenizer::skipDelimiters (116 bytes)
Event: 28.311 Thread 0x00000155d3e04000 9264       3       sun.java2d.SunGraphics2D::constrain (216 bytes)
Event: 28.311 Thread 0x00000155d3e0a800 9265   !   3       javax.swing.JComponent::fetchRectangle (58 bytes)
Event: 28.311 Thread 0x00000155d3e0a800 nmethod 9265 0x00000155b92f4990 code [0x00000155b92f4ba0, 0x00000155b92f5358]
Event: 28.311 Thread 0x00000155d3e04000 nmethod 9264 0x00000155b92f5610 code [0x00000155b92f5900, 0x00000155b92f66a8]
Event: 28.311 Thread 0x00000155d3e03000 9266   !   3       javax.swing.JComponent::recycleRectangle (27 bytes)
Event: 28.312 Thread 0x00000155d3e03000 nmethod 9266 0x00000155b92f6c90 code [0x00000155b92f6e60, 0x00000155b92f7208]
Event: 28.315 Thread 0x00000155aec61800 nmethod 9263 0x00000155bf589810 code [0x00000155bf5899c0, 0x00000155bf589e18]
Event: 28.340 Thread 0x00000155aec6a000 9267   !   3       java.awt.EventQueue::postEventPrivate (104 bytes)
Event: 28.341 Thread 0x00000155aec6a000 nmethod 9267 0x00000155b92f7390 code [0x00000155b92f75e0, 0x00000155b92f7e08]

GC Heap History (20 events):
Event: 13.119 GC heap before
{Heap before GC invocations=1 (full 0):
 garbage-first heap   total 262144K, used 70915K [0x0000000740000000, 0x0000000800000000)
  region size 1024K, 60 young (61440K), 8 survivors (8192K)
 Metaspace       used 20609K, capacity 21110K, committed 21248K, reserved 1069056K
  class space    used 1799K, capacity 2039K, committed 2048K, reserved 1048576K
}
Event: 13.129 GC heap after
{Heap after GC invocations=2 (full 0):
 garbage-first heap   total 262144K, used 21250K [0x0000000740000000, 0x0000000800000000)
  region size 1024K, 4 young (4096K), 4 survivors (4096K)
 Metaspace       used 20609K, capacity 21110K, committed 21248K, reserved 1069056K
  class space    used 1799K, capacity 2039K, committed 2048K, reserved 1048576K
}
Event: 13.165 GC heap before
{Heap before GC invocations=2 (full 0):
 garbage-first heap   total 262144K, used 25346K [0x0000000740000000, 0x0000000800000000)
  region size 1024K, 9 young (9216K), 4 survivors (4096K)
 Metaspace       used 20615K, capacity 21174K, committed 21248K, reserved 1069056K
  class space    used 1800K, capacity 2039K, committed 2048K, reserved 1048576K
}
Event: 13.167 GC heap after
{Heap after GC invocations=3 (full 0):
 garbage-first heap   total 262144K, used 21282K [0x0000000740000000, 0x0000000800000000)
  region size 1024K, 4 young (4096K), 4 survivors (4096K)
 Metaspace       used 20615K, capacity 21174K, committed 21248K, reserved 1069056K
  class space    used 1800K, capacity 2039K, committed 2048K, reserved 1048576K
}
Event: 15.374 GC heap before
{Heap before GC invocations=4 (full 0):
 garbage-first heap   total 262144K, used 81698K [0x0000000740000000, 0x0000000800000000)
  region size 1024K, 60 young (61440K), 4 survivors (4096K)
 Metaspace       used 32155K, capacity 32784K, committed 33024K, reserved 1079296K
  class space    used 3225K, capacity 3472K, committed 3584K, reserved 1048576K
}
Event: 15.389 GC heap after
{Heap after GC invocations=5 (full 0):
 garbage-first heap   total 262144K, used 31121K [0x0000000740000000, 0x0000000800000000)
  region size 1024K, 8 young (8192K), 8 survivors (8192K)
 Metaspace       used 32155K, capacity 32784K, committed 33024K, reserved 1079296K
  class space    used 3225K, capacity 3472K, committed 3584K, reserved 1048576K
}
Event: 15.546 GC heap before
{Heap before GC invocations=5 (full 0):
 garbage-first heap   total 262144K, used 84369K [0x0000000740000000, 0x0000000800000000)
  region size 1024K, 60 young (61440K), 8 survivors (8192K)
 Metaspace       used 32253K, capacity 32945K, committed 33280K, reserved 1079296K
  class space    used 3233K, capacity 3504K, committed 3584K, reserved 1048576K
}
Event: 15.549 GC heap after
{Heap after GC invocations=6 (full 0):
 garbage-first heap   total 262144K, used 30354K [0x0000000740000000, 0x0000000800000000)
  region size 1024K, 2 young (2048K), 2 survivors (2048K)
 Metaspace       used 32253K, capacity 32945K, committed 33280K, reserved 1079296K
  class space    used 3233K, capacity 3504K, committed 3584K, reserved 1048576K
}
Event: 15.850 GC heap before
{Heap before GC invocations=6 (full 0):
 garbage-first heap   total 262144K, used 61074K [0x0000000740000000, 0x0000000800000000)
  region size 1024K, 33 young (33792K), 2 survivors (2048K)
 Metaspace       used 34785K, capacity 35427K, committed 35628K, reserved 1081344K
  class space    used 3593K, capacity 3859K, committed 3968K, reserved 1048576K
}
Event: 15.852 GC heap after
{Heap after GC invocations=7 (full 0):
 garbage-first heap   total 262144K, used 30439K [0x0000000740000000, 0x0000000800000000)
  region size 1024K, 2 young (2048K), 2 survivors (2048K)
 Metaspace       used 34785K, capacity 35427K, committed 35628K, reserved 1081344K
  class space    used 3593K, capacity 3859K, committed 3968K, reserved 1048576K
}
Event: 22.783 GC heap before
{Heap before GC invocations=8 (full 0):
 garbage-first heap   total 262144K, used 89831K [0x0000000740000000, 0x0000000800000000)
  region size 1024K, 60 young (61440K), 2 survivors (2048K)
 Metaspace       used 45721K, capacity 46604K, committed 46892K, reserved 1091584K
  class space    used 5083K, capacity 5434K, committed 5504K, reserved 1048576K
}
Event: 22.786 GC heap after
{Heap after GC invocations=9 (full 0):
 garbage-first heap   total 262144K, used 36544K [0x0000000740000000, 0x0000000800000000)
  region size 1024K, 8 young (8192K), 8 survivors (8192K)
 Metaspace       used 45721K, capacity 46604K, committed 46892K, reserved 1091584K
  class space    used 5083K, capacity 5434K, committed 5504K, reserved 1048576K
}
Event: 23.901 GC heap before
{Heap before GC invocations=9 (full 0):
 garbage-first heap   total 262144K, used 88768K [0x0000000740000000, 0x0000000800000000)
  region size 1024K, 60 young (61440K), 8 survivors (8192K)
 Metaspace       used 49951K, capacity 50961K, committed 51116K, reserved 1093632K
  class space    used 5679K, capacity 6100K, committed 6144K, reserved 1048576K
}
Event: 23.906 GC heap after
{Heap after GC invocations=10 (full 0):
 garbage-first heap   total 262144K, used 43939K [0x0000000740000000, 0x0000000800000000)
  region size 1024K, 8 young (8192K), 8 survivors (8192K)
 Metaspace       used 49951K, capacity 50961K, committed 51116K, reserved 1093632K
  class space    used 5679K, capacity 6100K, committed 6144K, reserved 1048576K
}
Event: 24.423 GC heap before
{Heap before GC invocations=10 (full 0):
 garbage-first heap   total 262144K, used 97187K [0x0000000740000000, 0x0000000800000000)
  region size 1024K, 60 young (61440K), 8 survivors (8192K)
 Metaspace       used 51934K, capacity 52886K, committed 53164K, reserved 1095680K
  class space    used 5907K, capacity 6326K, committed 6400K, reserved 1048576K
}
Event: 24.444 GC heap after
{Heap after GC invocations=11 (full 0):
 garbage-first heap   total 262144K, used 45208K [0x0000000740000000, 0x0000000800000000)
  region size 1024K, 5 young (5120K), 5 survivors (5120K)
 Metaspace       used 51934K, capacity 52886K, committed 53164K, reserved 1095680K
  class space    used 5907K, capacity 6326K, committed 6400K, reserved 1048576K
}
Event: 26.371 GC heap before
{Heap before GC invocations=11 (full 0):
 garbage-first heap   total 262144K, used 100504K [0x0000000740000000, 0x0000000800000000)
  region size 1024K, 60 young (61440K), 5 survivors (5120K)
 Metaspace       used 58471K, capacity 59525K, committed 59808K, reserved 1101824K
  class space    used 7135K, capacity 7599K, committed 7680K, reserved 1048576K
}
Event: 26.395 GC heap after
{Heap after GC invocations=12 (full 0):
 garbage-first heap   total 262144K, used 53180K [0x0000000740000000, 0x0000000800000000)
  region size 1024K, 8 young (8192K), 8 survivors (8192K)
 Metaspace       used 58471K, capacity 59525K, committed 59808K, reserved 1101824K
  class space    used 7135K, capacity 7599K, committed 7680K, reserved 1048576K
}
Event: 26.401 GC heap before
{Heap before GC invocations=12 (full 0):
 garbage-first heap   total 262144K, used 54204K [0x0000000740000000, 0x0000000800000000)
  region size 1024K, 10 young (10240K), 8 survivors (8192K)
 Metaspace       used 58631K, capacity 59761K, committed 59808K, reserved 1101824K
  class space    used 7176K, capacity 7680K, committed 7680K, reserved 1048576K
}
Event: 26.405 GC heap after
{Heap after GC invocations=13 (full 0):
 garbage-first heap   total 262144K, used 54559K [0x0000000740000000, 0x0000000800000000)
  region size 1024K, 2 young (2048K), 2 survivors (2048K)
 Metaspace       used 58631K, capacity 59761K, committed 59808K, reserved 1101824K
  class space    used 7176K, capacity 7680K, committed 7680K, reserved 1048576K
}

Deoptimization events (20 events):
Event: 27.210 Thread 0x00000155d3e04800 DEOPT PACKING pc=0x00000155bf515654 sp=0x000000225bef6ea0
Event: 27.210 Thread 0x00000155d3e04800 DEOPT UNPACKING pc=0x00000155b74168af sp=0x000000225bef6e28 mode 2
Event: 27.210 Thread 0x00000155d3e04800 Uncommon trap: trap_request=0xffffffde fr.pc=0x00000155bf515654 relative=0x0000000000000094
Event: 27.210 Thread 0x00000155d3e04800 Uncommon trap: reason=class_check action=maybe_recompile pc=0x00000155bf515654 method=javax.swing.SwingUtilities.getWindowAncestor(Ljava/awt/Component;)Ljava/awt/Window; @ 17 c2
Event: 27.210 Thread 0x00000155d3e04800 DEOPT PACKING pc=0x00000155bf515654 sp=0x000000225bef6cb0
Event: 27.210 Thread 0x00000155d3e04800 DEOPT UNPACKING pc=0x00000155b74168af sp=0x000000225bef6c38 mode 2
Event: 27.215 Thread 0x00000155d3e04800 DEOPT PACKING pc=0x00000155b85dad88 sp=0x000000225bef57c0
Event: 27.215 Thread 0x00000155d3e04800 DEOPT UNPACKING pc=0x00000155b741705e sp=0x000000225bef4c98 mode 0
Event: 27.230 Thread 0x00000155d3e04800 DEOPT PACKING pc=0x00000155b85dad88 sp=0x000000225bef57c0
Event: 27.230 Thread 0x00000155d3e04800 DEOPT UNPACKING pc=0x00000155b741705e sp=0x000000225bef4c98 mode 0
Event: 27.243 Thread 0x00000155d3e04800 Uncommon trap: trap_request=0xffffffcc fr.pc=0x00000155bf53f478 relative=0x0000000000001218
Event: 27.244 Thread 0x00000155d3e04800 Uncommon trap: reason=intrinsic_or_type_checked_inlining action=make_not_entrant pc=0x00000155bf53f478 method=java.util.Vector.copyInto([Ljava/lang/Object;)V @ 11 c2
Event: 27.244 Thread 0x00000155d3e04800 DEOPT PACKING pc=0x00000155bf53f478 sp=0x000000225bef4d00
Event: 27.244 Thread 0x00000155d3e04800 DEOPT UNPACKING pc=0x00000155b74168af sp=0x000000225bef4b60 mode 2
Event: 27.964 Thread 0x00000155d3e04800 DEOPT PACKING pc=0x00000155b90f4fd0 sp=0x000000225bef5440
Event: 27.964 Thread 0x00000155d3e04800 DEOPT UNPACKING pc=0x00000155b741705e sp=0x000000225bef4808 mode 0
Event: 27.964 Thread 0x00000155d3e04800 DEOPT PACKING pc=0x00000155b90f4fd0 sp=0x000000225bef5440
Event: 27.964 Thread 0x00000155d3e04800 DEOPT UNPACKING pc=0x00000155b741705e sp=0x000000225bef4808 mode 0
Event: 27.964 Thread 0x00000155d3e04800 DEOPT PACKING pc=0x00000155b90f4fd0 sp=0x000000225bef5880
Event: 27.964 Thread 0x00000155d3e04800 DEOPT UNPACKING pc=0x00000155b741705e sp=0x000000225bef4c48 mode 0

Classes redefined (0 events):
No events

Internal exceptions (20 events):
Event: 26.398 Thread 0x00000155d3e04800 Exception <a 'java/lang/NoSuchMethodError'{0x000000074ff6c460}: 'java.lang.Object java.lang.invoke.DirectMethodHandle$Holder.invokeSpecial(java.lang.Object, java.lang.Object, java.lang.Object, int, int, int)'> (0x000000074ff6c460) thrown at [./src/hotspot/share/interpreter/linkResolver.cpp, line 773]
Event: 26.398 Thread 0x00000155d3e04800 Exception <a 'java/lang/NoSuchMethodError'{0x000000074ff6f890}: 'java.lang.Object java.lang.invoke.Invokers$Holder.linkToTargetMethod(java.lang.Object, int, int, int, java.lang.Object)'> (0x000000074ff6f890) thrown at [./src/hotspot/share/interpreter/linkResolver.cpp, line 773]
Event: 26.399 Thread 0x00000155d3e04800 Exception <a 'java/lang/NoSuchMethodError'{0x000000074fe266b8}: 'java.lang.Object java.lang.invoke.DelegatingMethodHandle$Holder.reinvoke_L(java.lang.Object, java.lang.Object, int, int, java.lang.Object, int, int, int, java.lang.Object, java.lang.Object, int, int)'> (0x000000074fe266b8) thrown at [./src/hotspot/share/interpreter/linkResolver.cpp, line 773]
Event: 26.401 Thread 0x00000155d3e04800 Exception <a 'java/lang/NoSuchMethodError'{0x000000074fe89e90}: 'java.lang.Object java.lang.invoke.DirectMethodHandle$Holder.invokeSpecial(java.lang.Object, java.lang.Object, int, int, java.lang.Object, int, int, int, java.lang.Object, java.lang.Object, int, int)'> (0x000000074fe89e90) thrown at [./src/hotspot/share/interpreter/linkResolver.cpp, line 773]
Event: 26.401 Thread 0x00000155d3e04800 Exception <a 'java/lang/NoSuchMethodError'{0x000000074fe8d7d8}: 'java.lang.Object java.lang.invoke.DelegatingMethodHandle$Holder.reinvoke_L(java.lang.Object, int, int, java.lang.Object, int, int, int, java.lang.Object, java.lang.Object, int, int)'> (0x000000074fe8d7d8) thrown at [./src/hotspot/share/interpreter/linkResolver.cpp, line 773]
Event: 26.406 Thread 0x00000155d3e04800 Exception <a 'java/lang/NoSuchMethodError'{0x000000074ff2eac0}: 'java.lang.Object java.lang.invoke.DelegatingMethodHandle$Holder.reinvoke_L(java.lang.Object, java.lang.Object, int, int, int, java.lang.Object, java.lang.Object, int, int)'> (0x000000074ff2eac0) thrown at [./src/hotspot/share/interpreter/linkResolver.cpp, line 773]
Event: 26.703 Thread 0x00000155d3e04800 Exception <a 'java/lang/NoSuchMethodError'{0x000000074eedfa40}: 'java.lang.Object java.lang.invoke.DirectMethodHandle$Holder.invokeSpecial(java.lang.Object, java.lang.Object, int, int, int, java.lang.Object, java.lang.Object, java.lang.Object, java.lang.Object)'> (0x000000074eedfa40) thrown at [./src/hotspot/share/interpreter/linkResolver.cpp, line 773]
Event: 26.703 Thread 0x00000155d3e04800 Exception <a 'java/lang/NoSuchMethodError'{0x000000074eee34a0}: 'java.lang.Object java.lang.invoke.DelegatingMethodHandle$Holder.reinvoke_L(java.lang.Object, int, int, int, java.lang.Object, java.lang.Object, java.lang.Object, java.lang.Object)'> (0x000000074eee34a0) thrown at [./src/hotspot/share/interpreter/linkResolver.cpp, line 773]
Event: 26.704 Thread 0x00000155d3e04800 Exception <a 'java/lang/NoSuchMethodError'{0x000000074ed05728}: 'java.lang.Object java.lang.invoke.DirectMethodHandle$Holder.invokeStatic(java.lang.Object, java.lang.Object, java.lang.Object, java.lang.Object, java.lang.Object, java.lang.Object, java.lang.Object, int)'> (0x000000074ed05728) thrown at [./src/hotspot/share/interpreter/linkResolver.cpp, line 773]
Event: 26.704 Thread 0x00000155d3e04800 Exception <a 'java/lang/NoSuchMethodError'{0x000000074ed1d9d0}: 'java.lang.Object java.lang.invoke.DirectMethodHandle$Holder.invokeStatic(java.lang.Object, java.lang.Object, java.lang.Object, java.lang.Object, java.lang.Object, java.lang.Object, java.lang.Object, int, int)'> (0x000000074ed1d9d0) thrown at [./src/hotspot/share/interpreter/linkResolver.cpp, line 773]
Event: 26.705 Thread 0x00000155d3e04800 Exception <a 'java/lang/NoSuchMethodError'{0x000000074ed37340}: 'java.lang.Object java.lang.invoke.DirectMethodHandle$Holder.invokeStatic(java.lang.Object, java.lang.Object, java.lang.Object, java.lang.Object, java.lang.Object, java.lang.Object, java.lang.Object, int, int, java.lang.Object)'> (0x000000074ed37340) thrown at [./src/hotspot/share/interpreter/linkResolver.cpp, line 773]
Event: 26.705 Thread 0x00000155d3e04800 Exception <a 'java/lang/NoSuchMethodError'{0x000000074ed52220}: 'java.lang.Object java.lang.invoke.DirectMethodHandle$Holder.invokeStatic(java.lang.Object, java.lang.Object, java.lang.Object, java.lang.Object, java.lang.Object, java.lang.Object, java.lang.Object, int, int, java.lang.Object, java.lang.Object)'> (0x000000074ed52220) thrown at [./src/hotspot/share/interpreter/linkResolver.cpp, line 773]
Event: 26.706 Thread 0x00000155d3e04800 Exception <a 'java/lang/NoSuchMethodError'{0x000000074ed6e500}: 'java.lang.Object java.lang.invoke.DirectMethodHandle$Holder.invokeStatic(java.lang.Object, java.lang.Object, java.lang.Object, java.lang.Object, java.lang.Object, java.lang.Object, java.lang.Object, int, int, java.lang.Object, java.lang.Object, java.lang.Object)'> (0x000000074ed6e500) thrown at [./src/hotspot/share/interpreter/linkResolver.cpp, line 773]
Event: 26.706 Thread 0x00000155d3e04800 Exception <a 'java/lang/NoSuchMethodError'{0x000000074ed8c478}: 'java.lang.Object java.lang.invoke.DirectMethodHandle$Holder.invokeStatic(java.lang.Object, java.lang.Object, java.lang.Object, java.lang.Object, java.lang.Object, java.lang.Object, java.lang.Object, int, int, java.lang.Object, java.lang.Object, java.lang.Object, java.lang.Object)'> (0x000000074ed8c478) thrown at [./src/hotspot/share/interpreter/linkResolver.cpp, line 773]
Event: 27.104 Thread 0x00000155d3e04800 Implicit null exception at 0x00000155bf49f7a3 to 0x00000155bf49fa7c
Event: 27.133 Thread 0x00000155d3e05800 Implicit null exception at 0x00000155bf3a11f6 to 0x00000155bf3a12c0
Event: 27.136 Thread 0x00000155d3e05800 Exception <a 'java/lang/NoSuchMethodError'{0x000000074e5f9d00}: 'java.lang.Object java.lang.invoke.DirectMethodHandle$Holder.invokeSpecial(java.lang.Object, java.lang.Object, int, int, int, java.lang.Object, java.lang.Object, java.lang.Object)'> (0x000000074e5f9d00) thrown at [./src/hotspot/share/interpreter/linkResolver.cpp, line 773]
Event: 27.136 Thread 0x00000155d3e05800 Exception <a 'java/lang/NoSuchMethodError'{0x000000074e5fd340}: 'java.lang.Object java.lang.invoke.DelegatingMethodHandle$Holder.reinvoke_L(java.lang.Object, int, int, int, java.lang.Object, java.lang.Object, java.lang.Object)'> (0x000000074e5fd340) thrown at [./src/hotspot/share/interpreter/linkResolver.cpp, line 773]
Event: 27.137 Thread 0x00000155d3e05800 Exception <a 'java/lang/NoSuchMethodError'{0x000000074e41dd50}: 'java.lang.Object java.lang.invoke.DirectMethodHandle$Holder.invokeStatic(java.lang.Object, java.lang.Object, java.lang.Object, java.lang.Object, java.lang.Object, int, int, java.lang.Object, java.lang.Object)'> (0x000000074e41dd50) thrown at [./src/hotspot/share/interpreter/linkResolver.cpp, line 773]
Event: 27.137 Thread 0x00000155d3e05800 Exception <a 'java/lang/NoSuchMethodError'{0x000000074e437f88}: 'java.lang.Object java.lang.invoke.DirectMethodHandle$Holder.invokeStatic(java.lang.Object, java.lang.Object, java.lang.Object, java.lang.Object, java.lang.Object, int, int, java.lang.Object, java.lang.Object, java.lang.Object)'> (0x000000074e437f88) thrown at [./src/hotspot/share/interpreter/linkResolver.cpp, line 773]

Events (20 events):
Event: 27.509 Executing VM operation: RevokeBias
Event: 27.509 Executing VM operation: RevokeBias done
Event: 27.510 Executing VM operation: RevokeBias
Event: 27.510 Executing VM operation: RevokeBias done
Event: 27.564 loading class ui/views/x/a/t
Event: 27.564 loading class ui/views/x/a/t done
Event: 27.564 Thread 0x00000155d3e09800 Thread exited: 0x00000155d3e09800
Event: 27.564 loading class ui/views/x/b/V
Event: 27.564 loading class ui/views/x/b/V done
Event: 27.565 Thread 0x00000155d3e01800 Thread exited: 0x00000155d3e01800
Event: 27.908 loading class ui/views/c/dF
Event: 27.908 loading class ui/views/c/dF done
Event: 27.955 Thread 0x00000155d3e01800 Thread added: 0x00000155d3e01800
Event: 27.955 Thread 0x00000155d3e09800 Thread added: 0x00000155d3e09800
Event: 27.958 Thread 0x00000155d3e0d000 Thread added: 0x00000155d3e0d000
Event: 28.090 Thread 0x00000155d3e0d000 Thread exited: 0x00000155d3e0d000
Event: 28.090 Thread 0x00000155d3e09800 Thread exited: 0x00000155d3e09800
Event: 28.196 Thread 0x00000155d3e01800 Thread exited: 0x00000155d3e01800
Event: 28.332 loading class ui/frmwork/xhub/q
Event: 28.332 loading class ui/frmwork/xhub/q done


Dynamic libraries:
0x00007ff6e7e40000 - 0x00007ff6e7e71000 	E:\Vivado\Vivado\2022.2\bin\unwrapped\win64.o\vivado.exe
0x00007ffb4f9d0000 - 0x00007ffb4fbc8000 	C:\WINDOWS\SYSTEM32\ntdll.dll
0x00007ffb4de80000 - 0x00007ffb4df3f000 	C:\WINDOWS\System32\KERNEL32.DLL
0x00007ffb4d0c0000 - 0x00007ffb4d392000 	C:\WINDOWS\System32\KERNELBASE.dll
0x00007ffb4d770000 - 0x00007ffb4d870000 	C:\WINDOWS\System32\ucrtbase.dll
0x00007ffb30030000 - 0x00007ffb300be000 	C:\WINDOWS\SYSTEM32\MSVCP140.dll
0x00007ffb30660000 - 0x00007ffb3067b000 	C:\WINDOWS\SYSTEM32\VCRUNTIME140.dll
0x00007ffb34b50000 - 0x00007ffb34b5c000 	C:\WINDOWS\SYSTEM32\VCRUNTIME140_1.dll
0x00007ffb48fd0000 - 0x00007ffb48fe8000 	E:\Vivado\Vivado\2022.2\lib\win64.o\librdi_commonmain.dll
0x00007ffb29370000 - 0x00007ffb29391000 	E:\Vivado\Vivado\2022.2\lib\win64.o\libboost_filesystem.dll
0x00007ffb4f2b0000 - 0x00007ffb4f35e000 	C:\WINDOWS\System32\ADVAPI32.dll
0x00007ffb4f510000 - 0x00007ffb4f5ae000 	C:\WINDOWS\System32\msvcrt.dll
0x00007ffb4e1f0000 - 0x00007ffb4e28c000 	C:\WINDOWS\System32\sechost.dll
0x00007ffb4df40000 - 0x00007ffb4e065000 	C:\WINDOWS\System32\RPCRT4.dll
0x00007ffb48fc0000 - 0x00007ffb48fc9000 	E:\Vivado\Vivado\2022.2\lib\win64.o\librdi_commonversion.dll
0x00007ffafd140000 - 0x00007ffafd2f5000 	E:\Vivado\Vivado\2022.2\lib\win64.o\librdi_commonxillic.dll
0x00007ffb4e440000 - 0x00007ffb4e5e1000 	C:\WINDOWS\System32\USER32.dll
0x00007ffb4d3a0000 - 0x00007ffb4d3c2000 	C:\WINDOWS\System32\win32u.dll
0x00007ffb4e070000 - 0x00007ffb4e09b000 	C:\WINDOWS\System32\GDI32.dll
0x00007ffb4d870000 - 0x00007ffb4d97f000 	C:\WINDOWS\System32\gdi32full.dll
0x00007ffb4d5b0000 - 0x00007ffb4d64d000 	C:\WINDOWS\System32\msvcp_win.dll
0x00007ffb4f240000 - 0x00007ffb4f2ab000 	C:\WINDOWS\System32\WS2_32.dll
0x00007ffb4d530000 - 0x00007ffb4d557000 	C:\WINDOWS\System32\bcrypt.dll
0x0000000066660000 - 0x000000006678b000 	E:\Vivado\Vivado\2022.2\lib\win64.o\tcl85t.dll
0x00007ffafce20000 - 0x00007ffafd136000 	E:\Vivado\Vivado\2022.2\lib\win64.o\libXil_lmgr11.dll
0x00007ffb4e5f0000 - 0x00007ffb4e6ca000 	C:\WINDOWS\System32\COMDLG32.dll
0x00007ffb4eee0000 - 0x00007ffb4f235000 	C:\WINDOWS\System32\combase.dll
0x00007ffb4ee30000 - 0x00007ffb4eedd000 	C:\WINDOWS\System32\shcore.dll
0x00007ffb4e290000 - 0x00007ffb4e2e5000 	C:\WINDOWS\System32\SHLWAPI.dll
0x00007ffb4e6d0000 - 0x00007ffb4ee14000 	C:\WINDOWS\System32\SHELL32.dll
0x00007ffb4f780000 - 0x00007ffb4f84d000 	C:\WINDOWS\System32\OLEAUT32.dll
0x00007ffb4f650000 - 0x00007ffb4f77a000 	C:\WINDOWS\System32\ole32.dll
0x00007ffb4d650000 - 0x00007ffb4d6b9000 	C:\WINDOWS\System32\WINTRUST.dll
0x00007ffb4d3d0000 - 0x00007ffb4d526000 	C:\WINDOWS\System32\CRYPT32.dll
0x00007ffafda70000 - 0x00007ffafdb84000 	E:\Vivado\Vivado\2022.2\lib\win64.o\libboost_regex.dll
0x00007ffabc880000 - 0x00007ffabd7fd200 	E:\Vivado\Vivado\2022.2\lib\win64.o\libisl_iostreams.dll
0x00007ffb3b440000 - 0x00007ffb3b459000 	C:\WINDOWS\SYSTEM32\NETAPI32.dll
0x00007ffb1a5d0000 - 0x00007ffb1a680000 	C:\WINDOWS\WinSxS\amd64_microsoft.windows.common-controls_6595b64144ccf1df_5.82.19041.1110_none_792d1c772443f647\COMCTL32.dll
0x00007ffb0f350000 - 0x00007ffb0f359000 	C:\WINDOWS\SYSTEM32\WSOCK32.dll
0x00007ffb47bc0000 - 0x00007ffb47bdd000 	C:\WINDOWS\SYSTEM32\dhcpcsvc.DLL
0x00007ffb4cf80000 - 0x00007ffb4cfae000 	C:\WINDOWS\SYSTEM32\USERENV.dll
0x00007ffb29350000 - 0x00007ffb29361000 	E:\Vivado\Vivado\2022.2\lib\win64.o\libboost_date_time.dll
0x00007ffb25ff0000 - 0x00007ffb26008000 	E:\Vivado\Vivado\2022.2\lib\win64.o\libboost_iostreams.dll
0x00007ffb24120000 - 0x00007ffb2413c000 	E:\Vivado\Vivado\2022.2\lib\win64.o\libboost_thread.dll
0x00007ffabb440000 - 0x00007ffabc871000 	E:\Vivado\Vivado\2022.2\lib\win64.o\librdi_common.dll
0x00007ffb230e0000 - 0x00007ffb23104000 	E:\Vivado\Vivado\2022.2\lib\win64.o\libisl_iosutils.dll
0x00007ffb23220000 - 0x00007ffb2323a000 	E:\Vivado\Vivado\2022.2\lib\win64.o\pthreadVC2.dll
0x00007ffb230b0000 - 0x00007ffb230d1000 	E:\Vivado\Vivado\2022.2\lib\win64.o\librdizlib.dll
0x00007ffb23030000 - 0x00007ffb230a9000 	E:\Vivado\Vivado\2022.2\lib\win64.o\libboost_program_options.dll
0x00007ffafcab0000 - 0x00007ffafce1e000 	E:\Vivado\Vivado\2022.2\lib\win64.o\libCOIN-all.dll
0x00007ffb3d270000 - 0x00007ffb3d27c000 	E:\Vivado\Vivado\2022.2\lib\win64.o\libboost_xilinx.dll
0x00007ffb01fd0000 - 0x00007ffb02052000 	E:\Vivado\Vivado\2022.2\lib\win64.o\libhdlpsolve.dll
0x00007ffafca00000 - 0x00007ffafcaa5000 	E:\Vivado\Vivado\2022.2\lib\win64.o\libhdxml.dll
0x00007ffafc990000 - 0x00007ffafc9f5000 	E:\Vivado\Vivado\2022.2\lib\win64.o\liblmx6.0.dll
0x00007ffb374c0000 - 0x00007ffb37999000 	C:\WINDOWS\SYSTEM32\WININET.dll
0x00007ffb46ce0000 - 0x00007ffb46dec000 	C:\WINDOWS\SYSTEM32\WINHTTP.dll
0x00007ffb43c60000 - 0x00007ffb43e4d000 	C:\WINDOWS\SYSTEM32\urlmon.dll
0x00007ffb23130000 - 0x00007ffb2314c000 	E:\Vivado\Vivado\2022.2\lib\win64.o\librdiconfig.dll
0x00007ffb107e0000 - 0x00007ffb1080a000 	E:\Vivado\Vivado\2022.2\lib\win64.o\libisl_sysinfo.dll
0x00007ffb0a5b0000 - 0x00007ffb0a5e1000 	C:\WINDOWS\SYSTEM32\VCOMP140.DLL
0x00007ffb43580000 - 0x00007ffb43831000 	C:\WINDOWS\SYSTEM32\iertutil.dll
0x00007ffb43840000 - 0x00007ffb43868000 	C:\WINDOWS\SYSTEM32\srvcli.dll
0x00007ffb4c630000 - 0x00007ffb4c63c000 	C:\WINDOWS\SYSTEM32\netutils.dll
0x00007ffaf1e40000 - 0x00007ffaf2101000 	E:\Vivado\Vivado\2022.2\lib\win64.o\xerces-c_3_2.dll
0x00007ffab9520000 - 0x00007ffabb437000 	E:\Vivado\Vivado\2022.2\lib\win64.o\gurobi90.dll
0x00007ffb4e120000 - 0x00007ffb4e176000 	C:\WINDOWS\System32\WLDAP32.dll
0x00007ffb4e180000 - 0x00007ffb4e188000 	C:\WINDOWS\System32\Normaliz.dll
0x00007ffb4c880000 - 0x00007ffb4c8ea000 	C:\WINDOWS\SYSTEM32\MSWSOCK.DLL
0x00007ffb4e3a0000 - 0x00007ffb4e3d2000 	C:\WINDOWS\System32\IMM32.DLL
0x00007ffb4ccb0000 - 0x00007ffb4ccc2000 	C:\WINDOWS\SYSTEM32\MSASN1.dll
0x00007ffb4ca70000 - 0x00007ffb4ca88000 	C:\WINDOWS\SYSTEM32\CRYPTSP.dll
0x00007ffb4c130000 - 0x00007ffb4c164000 	C:\WINDOWS\system32\rsaenh.dll
0x00007ffb4ca90000 - 0x00007ffb4ca9c000 	C:\WINDOWS\SYSTEM32\CRYPTBASE.dll
0x00007ffb4d980000 - 0x00007ffb4da02000 	C:\WINDOWS\System32\bcryptPrimitives.dll
0x00007ffb4f970000 - 0x00007ffb4f98d000 	C:\WINDOWS\System32\imagehlp.dll
0x00007ffb4afa0000 - 0x00007ffb4afb2000 	C:\WINDOWS\SYSTEM32\kernel.appcore.dll
0x00007ffab8fe0000 - 0x00007ffab9513000 	E:\Vivado\Vivado\2022.2\lib\win64.o\librdi_commontasks.dll
0x00007ffb47f70000 - 0x00007ffb47f7a000 	C:\WINDOWS\SYSTEM32\VERSION.dll
0x00007ffab8490000 - 0x00007ffab8fdd000 	E:\Vivado\Vivado\2022.2\tps\win64\jre11.0.11_9\bin\server\jvm.dll
0x00007ffb4f5b0000 - 0x00007ffb4f5b8000 	C:\WINDOWS\System32\PSAPI.DLL
0x00007ffb418a0000 - 0x00007ffb418c7000 	C:\WINDOWS\SYSTEM32\WINMM.dll
0x00007ffaf1b10000 - 0x00007ffaf1e35a00 	E:\Vivado\Vivado\2022.2\lib\win64.o\librdi_sio.dll
0x00007ffb4c520000 - 0x00007ffb4c55b000 	C:\WINDOWS\SYSTEM32\IPHLPAPI.DLL
0x00007ffb4cfb0000 - 0x00007ffb4cfe2000 	C:\WINDOWS\SYSTEM32\SspiCli.dll
0x00007ffb22720000 - 0x00007ffb22737000 	C:\WINDOWS\system32\napinsp.dll
0x00007ffb22700000 - 0x00007ffb2271b000 	C:\WINDOWS\system32\pnrpnsp.dll
0x00007ffb483f0000 - 0x00007ffb48405000 	C:\WINDOWS\system32\wshbth.dll
0x00007ffb47dd0000 - 0x00007ffb47ded000 	C:\WINDOWS\system32\NLAapi.dll
0x00007ffb4c560000 - 0x00007ffb4c62a000 	C:\WINDOWS\SYSTEM32\DNSAPI.dll
0x00007ffb4ee20000 - 0x00007ffb4ee28000 	C:\WINDOWS\System32\NSI.dll
0x00007ffb21b90000 - 0x00007ffb21ba2000 	C:\WINDOWS\System32\winrnr.dll
0x00007ffb4b1a0000 - 0x00007ffb4b932000 	C:\WINDOWS\SYSTEM32\windows.storage.dll
0x00007ffb4cb20000 - 0x00007ffb4cb50000 	C:\WINDOWS\SYSTEM32\Wldp.dll
0x00007ffac23d0000 - 0x00007ffac50f5000 	E:\Vivado\Vivado\2022.2\lib\win64.o\librdi_tcltasks.dll
0x00007ffb01ec0000 - 0x00007ffb01f40000 	E:\Vivado\Vivado\2022.2\lib\win64.o\librdi_boarddep.dll
0x00007ffafc860000 - 0x00007ffafc987000 	E:\Vivado\Vivado\2022.2\lib\win64.o\librdi_chipscope.dll
0x00007ffafbdc0000 - 0x00007ffafbfa3000 	E:\Vivado\Vivado\2022.2\lib\win64.o\librdi_board.dll
0x00007ffaf10d0000 - 0x00007ffaf15ad000 	E:\Vivado\Vivado\2022.2\lib\win64.o\librdi_bitstream.dll
0x00007ffb01e70000 - 0x00007ffb01eb4000 	E:\Vivado\Vivado\2022.2\lib\win64.o\libboost_serialization.dll
0x00007ffafc6f0000 - 0x00007ffafc855000 	E:\Vivado\Vivado\2022.2\lib\win64.o\librdi_containers.dll
0x00007ffafb870000 - 0x00007ffafba72000 	E:\Vivado\Vivado\2022.2\lib\win64.o\librdi_chipscopeimpl.dll
0x00007ffac01a0000 - 0x00007ffac23cc000 	E:\Vivado\Vivado\2022.2\lib\win64.o\librdi_constraints.dll
0x00007ffaf0d40000 - 0x00007ffaf10c3000 	E:\Vivado\Vivado\2022.2\lib\win64.o\librdi_dlyest.dll
0x00007ffab5ea0000 - 0x00007ffab8485000 	E:\Vivado\Vivado\2022.2\lib\win64.o\librdi_coregen.dll
0x00007ffabe190000 - 0x00007ffac019d000 	E:\Vivado\Vivado\2022.2\lib\win64.o\librdi_designutils.dll
0x00007ffafc5c0000 - 0x00007ffafc674000 	E:\Vivado\Vivado\2022.2\lib\win64.o\librdi_dsp.dll
0x00007ffab49b0000 - 0x00007ffab5e95000 	E:\Vivado\Vivado\2022.2\lib\win64.o\librdi_device.dll
0x00007ffae0910000 - 0x00007ffae0feb000 	E:\Vivado\Vivado\2022.2\lib\win64.o\librdi_drc.dll
0x00007ffae05e0000 - 0x00007ffae090b000 	E:\Vivado\Vivado\2022.2\lib\win64.o\librdi_guitools.dll
0x00007ffafc4a0000 - 0x00007ffafc50b000 	E:\Vivado\Vivado\2022.2\lib\win64.o\librdi_hdf.dll
0x00007ffae0320000 - 0x00007ffae05dd000 	E:\Vivado\Vivado\2022.2\lib\win64.o\librdi_hip_devdesign.dll
0x00007ffabdaf0000 - 0x00007ffabe185000 	E:\Vivado\Vivado\2022.2\lib\win64.o\librdi_filemgmt.dll
0x00007ffaf19c0000 - 0x00007ffaf1b07000 	E:\Vivado\Vivado\2022.2\lib\win64.o\librdi_hip_perf_analysis.dll
0x00007ffab3b70000 - 0x00007ffab49a3000 	E:\Vivado\Vivado\2022.2\lib\win64.o\librdi_ippcw.dll
0x00007ffab2c50000 - 0x00007ffab3b6b000 	E:\Vivado\Vivado\2022.2\lib\win64.o\librdi_implflow.dll
0x00007ffafc420000 - 0x00007ffafc49d000 	E:\Vivado\Vivado\2022.2\lib\win64.o\librdi_memoryarray.dll
0x00007ffab24a0000 - 0x00007ffab2c41000 	E:\Vivado\Vivado\2022.2\lib\win64.o\librdi_lopt.dll
0x00007ffafc170000 - 0x00007ffafc1cb000 	E:\Vivado\Vivado\2022.2\lib\win64.o\librdi_pfi.dll
0x00007ffab1e40000 - 0x00007ffab2495000 	E:\Vivado\Vivado\2022.2\lib\win64.o\librdi_memdata.dll
0x00007ffab16d0000 - 0x00007ffab1e3d000 	E:\Vivado\Vivado\2022.2\lib\win64.o\librdi_netlist.dll
0x00007ffaaee00000 - 0x00007ffab16c5000 	E:\Vivado\Vivado\2022.2\lib\win64.o\librdi_mig.dll
0x00007ffaae520000 - 0x00007ffaaedf4000 	E:\Vivado\Vivado\2022.2\lib\win64.o\librdi_power.dll
0x00007ffaae0b0000 - 0x00007ffaae520000 	E:\Vivado\Vivado\2022.2\lib\win64.o\librdi_platform.dll
0x00007ffaad970000 - 0x00007ffaae0a5000 	E:\Vivado\Vivado\2022.2\lib\win64.o\librdi_psta.dll
0x00007ffaad200000 - 0x00007ffaad967000 	E:\Vivado\Vivado\2022.2\lib\win64.o\librdi_project.dll
0x00007ffaac8b0000 - 0x00007ffaad200000 	E:\Vivado\Vivado\2022.2\lib\win64.o\librdi_rsb.dll
0x00007ffb455a0000 - 0x00007ffb456b9000 	E:\Vivado\Vivado\2022.2\lib\win64.o\librdi_runsbase.dll
0x00007ffb45540000 - 0x00007ffb45598000 	E:\Vivado\Vivado\2022.2\lib\win64.o\librdi_schedmon.dll

dbghelp: loaded successfully - version: 4.0.5 - missing functions: none
symbol engine: initialized successfully - sym options: 0x614 - pdb path: .;E:\Vivado\Vivado\2022.2\bin\unwrapped\win64.o;C:\WINDOWS\SYSTEM32;E:\Vivado\Vivado\2022.2\lib\win64.o;C:\WINDOWS\WinSxS\amd64_microsoft.windows.common-controls_6595b64144ccf1df_5.82.19041.1110_none_792d1c772443f647;E:\Vivado\Vivado\2022.2\tps\win64\jre11.0.11_9\bin\server;E:\Vivado\Vivado\2022.2\tps\win64\python-3.8.3;E:\Vivado\Vivado\2022.2\tps\win64\jre11.0.11_9\bin;C:\WINDOWS\WinSxS\amd64_microsoft.windows.common-controls_6595b64144ccf1df_6.0.19041.1110_none_60b5254171f9507e

VM Arguments:
jvm_args: -Dsun.java2d.pmoffscreen=false -Dhttps.protocols=TLSv1,TLSv1.1,TLSv1.2 -Dsun.java2d.xrender=false -Dsun.java2d.d3d=false -Dsun.awt.nopixfmt=true -Dsun.java2d.dpiaware=true -Dsun.java2d.uiScale.enabled=false -Xverify:none -Dswing.aatext=true -XX:-UsePerfData -Djdk.map.althashing.threshold=512 -XX:StringTableSize=4072 --add-opens=java.desktop/com.sun.awt=ALL-UNNAMED --add-opens=java.desktop/javax.swing.plaf.synth=ALL-UNNAMED --add-opens=java.base/java.nio=ALL-UNNAMED --add-opens=java.desktop/sun.swing=ALL-UNNAMED --add-opens=java.desktop/javax.swing=ALL-UNNAMED --add-opens=java.desktop/javax.swing.tree=ALL-UNNAMED --add-opens=java.desktop/javax.swing.plaf.basic=ALL-UNNAMED --add-opens=java.desktop/javax.swing.plaf.synth=ALL-UNNAMED --add-opens=java.desktop/javax.swing.plaf.basic=ALL-UNNAMED --add-opens=java.desktop/javax.swing=ALL-UNNAMED --add-opens=java.desktop/javax.swing.tree=ALL-UNNAMED --add-opens=java.desktop/java.awt.event=ALL-UNNAMED --add-exports=java.desktop/javax.swing.plaf.synth=ALL-UNNAMED --add-exports=java.base/java.nio=ALL-UNNAMED --add-exports=java.desktop/sun.swing=ALL-UNNAMED --add-exports=java.desktop/javax.swing=ALL-UNNAMED --add-exports=java.desktop/javax.swing.tree=ALL-UNNAMED --add-exports=java.desktop/javax.swing.plaf.basic=ALL-UNNAMED --add-exports=java.desktop/sun.swing=ALL-UNNAMED --add-exports=java.desktop/sun.swing.table=ALL-UNNAMED --add-exports=java.desktop/sun.swing.plaf.synth=ALL-UNNAMED --add-exports=java.desktop/sun.awt.shell=ALL-UNNAMED --add-exports=java.base/sun.security.action=ALL-UNNAMED --add-exports=java.desktop/sun.font=ALL-UNNAMED -XX:NewSize=60m -XX:MaxNewSize=60m -Xms256m -Xmx3072m -Xss5m 
java_command: <unknown>
java_class_path (initial): E:/Vivado/Vivado/2022.2\lib\classes\alloy.jar;E:/Vivado/Vivado/2022.2\lib\classes\asm-9.3.jar;E:/Vivado/Vivado/2022.2\lib\classes\asm-analysis-9.3.jar;E:/Vivado/Vivado/2022.2\lib\classes\asm-commons-9.3.jar;E:/Vivado/Vivado/2022.2\lib\classes\asm-tree-9.3.jar;E:/Vivado/Vivado/2022.2\lib\classes\autoesl-models.jar;E:/Vivado/Vivado/2022.2\lib\classes\batik-anim.jar;E:/Vivado/Vivado/2022.2\lib\classes\batik-awt-util.jar;E:/Vivado/Vivado/2022.2\lib\classes\batik-bridge.jar;E:/Vivado/Vivado/2022.2\lib\classes\batik-codec.jar;E:/Vivado/Vivado/2022.2\lib\classes\batik-css.jar;E:/Vivado/Vivado/2022.2\lib\classes\batik-dom.jar;E:/Vivado/Vivado/2022.2\lib\classes\batik-ext.jar;E:/Vivado/Vivado/2022.2\lib\classes\batik-gui-util.jar;E:/Vivado/Vivado/2022.2\lib\classes\batik-gvt.jar;E:/Vivado/Vivado/2022.2\lib\classes\batik-parser.jar;E:/Vivado/Vivado/2022.2\lib\classes\batik-script.jar;E:/Vivado/Vivado/2022.2\lib\classes\batik-svg-dom.jar;E:/Vivado/Vivado/2022.2\lib\classes\batik-svggen.jar;E:/Vivado/Vivado/2022.2\lib\classes\batik-swing.jar;E:/Vivado/Vivado/2022.2\lib\classes\batik-transcoder.jar;E:/Vivado/Vivado/2022.2\lib\classes\batik-util.jar;E:/Vivado/Vivado/2022.2\lib\classes\batik-xml.jar;E:/Vivado/Vivado/2022.2\lib\classes\com.fasterxml.jackson.core.jackson-annotations_2.12.1.v20210128-1726.jar;E:/Vivado/Vivado/2022.2\lib\classes\com.fasterxml.jackson.core.jackson-core_2.12.1.v20210128-1726.jar;E:/Vivado/Vivado/2022.2\lib\classes\com.fasterxml.jackson.core.jackson-databind_2.12.1.v20210128-1726.jar;E:/Vivado/Vivado/2022.2\lib\classes\com.google.gson_2.8.7.v20210624-1215.jar;E:/Vivado/Vivado/2022.2\lib\classes\com.google.guava_30.1.0.v20210127-2300.jar;E:/Vivado/Vivado/2022.2\lib\classes\com.sigasi.hdt.connection_4.15.0.202201101137.jar;E:/Vivado/Vivado/2022.2\lib\classes\com.sigasi.hdt.epl_4.15.0.202201101137.jar;E:/Vivado/Vivado/2022.2\lib\classes\com.sigasi.hdt.project_4.15.0.202201101137.jar;E:/Vivado/Vivado/2022.2\lib\classes\com.sigasi
Launcher Type: generic

[Global flags]
     bool BytecodeVerificationLocal                = false                                     {product} {command line}
     bool BytecodeVerificationRemote               = false                                     {product} {command line}
     intx CICompilerCount                          = 12                                        {product} {ergonomic}
     uint ConcGCThreads                            = 5                                         {product} {ergonomic}
     uint G1ConcRefinementThreads                  = 18                                        {product} {ergonomic}
   size_t G1HeapRegionSize                         = 1048576                                   {product} {ergonomic}
    uintx GCDrainStackTargetSize                   = 64                                        {product} {ergonomic}
   size_t InitialHeapSize                          = 268435456                                 {product} {command line}
   size_t MarkStackSize                            = 4194304                                   {product} {ergonomic}
   size_t MaxHeapSize                              = 3221225472                                {product} {command line}
   size_t MaxNewSize                               = 62914560                                  {product} {command line}
   size_t MinHeapDeltaBytes                        = 1048576                                   {product} {ergonomic}
   size_t NewSize                                  = 62914560                                  {product} {command line}
    uintx NonNMethodCodeHeapSize                   = 7594288                                {pd product} {ergonomic}
    uintx NonProfiledCodeHeapSize                  = 122031976                              {pd product} {ergonomic}
    uintx ProfiledCodeHeapSize                     = 122031976                              {pd product} {ergonomic}
    uintx ReservedCodeCacheSize                    = 251658240                              {pd product} {ergonomic}
     bool SegmentedCodeCache                       = true                                      {product} {ergonomic}
    uintx StringTableSize                          = 4072                                      {product} {command line}
     intx ThreadStackSize                          = 5120                                   {pd product} {command line}
     bool UseCompressedClassPointers               = true                                 {lp64_product} {ergonomic}
     bool UseCompressedOops                        = true                                 {lp64_product} {ergonomic}
     bool UseG1GC                                  = true                                      {product} {ergonomic}
     bool UseLargePagesIndividualAllocation        = false                                  {pd product} {ergonomic}
     bool UsePerfData                              = false                                     {product} {command line}

Logging:
Log output configuration:
 #0: stdout all=warning uptime,level,tags
 #1: stderr all=off uptime,level,tags

Environment Variables:
JAVA_HOME=C:\Program Files\Eclipse Adoptium\jdk-17.0.1.12-hotspot\
PATH=E:/Vivado/Vivado/2022.2\gnuwin\bin;E:/Vivado/Vivado/2022.2\gnu\microblaze\nt\bin;E:/Vivado/Vivado/2022.2/bin;E:/Vivado/Vivado/2022.2/tps/win64/java-cef-95.0.4638.69/bin/lib/win64;E:/Vivado/Vivado/2022.2/tps/win64/javafx-sdk-11.0.2/lib;E:/Vivado/Vivado/2022.2/tps/win64/javafx-sdk-11.0.2/bin;E:/Vivado/Vivado/2022.2/lib/win64.o;E:/Vivado/Vivado/2022.2/tps/win64/jre11.0.11_9/bin/server;E:/Vivado/Vivado/2022.2/tps/win64/jre11.0.11_9/bin;E:/Vivado/Vivado/2022.2/ids_lite/ISE/bin/nt64;E:/Vivado/Vivado/2022.2/ids_lite/ISE/lib/nt64;E:/Vivado/Vitis_HLS/2022.2/bin;C:\Program Files\Eclipse Adoptium\jdk-17.0.1.12-hotspot\bin;C:\Program Files (x86)\Common Files\Oracle\Java\javapath;C:\Program Files (x86)\Razer Chroma SDK\bin;C:\Program Files\Razer Chroma SDK\bin;C:\Program Files (x86)\Razer\ChromaBroadcast\bin;C:\Program Files\Razer\ChromaBroadcast\bin;C:\Windows\system32;C:\Windows;C:\Windows\System32\Wbem;C:\Windows\System32\WindowsPowerShell\v1.0\;C:\Windows\System32\OpenSSH\;C:\Program Files\NVIDIA Corporation\NVIDIA NvDLISR;C:\Windows\system32\config\systemprofile\AppData\Local\Microsoft\WindowsApps;C:\Users\conbo\AppData\Local\Microsoft\WindowsApps;C:\Program Files (x86)\NVIDIA Corporation\PhysX\Common;C:\Program Files\Git\cmd;C:\Program Files\dotnet\;C:\Program Files (x86)\Pulse Secure\VC142.CRT\X64\;C:\Program Files (x86)\Pulse Secure\VC142.CRT\X86\;C:\Program Files (x86)\Common Files\Pulse Secure\TNC Client Plugin\;C:\Users\conbo\AppData\Local\Programs\Python\Python310\Scripts\;C:\Users\conbo\AppData\Local\Programs\Python\Python310\;;E:/Vivado/Vivado/2022.2\tps\mingw\6.2.0\win64.o\nt\bin;E:/Vivado/Vivado/2022.2\tps\mingw\6.2.0\win64.o\nt\libexec\gcc\x86_64-w64-mingw32\6.2.0;E:/Vivado/Vivado/2022.2\tps\win64\python-3.8.3;E:/Vivado/Vivado/2022.2\tps\win64\python-3.8.3\bin;E:/Vivado/Vivado/2022.2\tps\win64\python-3.8.3\lib;E:/Vivado/Vivado/2022.2\tps\win64\python-3.8.3\lib\site-packages
USERNAME=conbo
OS=Windows_NT
PROCESSOR_IDENTIFIER=AMD64 Family 23 Model 113 Stepping 0, AuthenticAMD



---------------  S Y S T E M  ---------------

OS: Windows 10 , 64 bit Build 19041 (10.0.19041.2364)
OS uptime: 0 days 0:04 hours

CPU:total 24 (initial active 24) (24 cores per cpu, 2 threads per core) family 23 model 113 stepping 0 microcode 0x0, cmov, cx8, fxsr, mmx, sse, sse2, sse3, ssse3, sse4.1, sse4.2, popcnt, avx, avx2, aes, clmul, mmxext, 3dnowpref, lzcnt, sse4a, ht, tsc, tscinvbit, tscinv, bmi1, bmi2, adx,

Memory: 4k page, system-wide physical 32677M (23521M free)
TotalPageFile size 37541M (AvailPageFile size 25286M)
current process WorkingSet (physical memory assigned to process): 632M, peak: 632M
current process commit charge ("private bytes"): 794M, peak: 813M

vm_info: OpenJDK 64-Bit Server VM (11.0.11+9) for windows-amd64 JRE (11.0.11+9), built on Apr  9 2021 19:32:08 by "" with MS VC++ 15.5 (VS2017)

END.
