Copyright 1986-2022 Xilinx, Inc. All Rights Reserved.
------------------------------------------------------------------------------------
| Tool Version : Vivado v.2022.2 (win64) Build 3671981 Fri Oct 14 05:00:03 MDT 2022
| Date         : Wed Dec 14 23:08:21 2022
| Host         : DESKTOP-DMH8K7T running 64-bit major release  (build 9200)
| Command      : report_control_sets -verbose -file main_control_sets_placed.rpt
| Design       : main
| Device       : xc7a35t
------------------------------------------------------------------------------------

Control Set Information

Table of Contents
-----------------
1. Summary
2. Histogram
3. Flip-Flop Distribution
4. Detailed Control Set Information

1. Summary
----------

+----------------------------------------------------------+-------+
|                          Status                          | Count |
+----------------------------------------------------------+-------+
| Total control sets                                       |    55 |
|    Minimum number of control sets                        |    55 |
|    Addition due to synthesis replication                 |     0 |
|    Addition due to physical synthesis replication        |     0 |
| Unused register locations in slices containing registers |   381 |
+----------------------------------------------------------+-------+
* Control sets can be merged at opt_design using control_set_merge or merge_equivalent_drivers
** Run report_qor_suggestions for automated merging and remapping suggestions


2. Histogram
------------

+--------------------+-------+
|       Fanout       | Count |
+--------------------+-------+
| Total control sets |    55 |
| >= 0 to < 4        |    53 |
| >= 4 to < 6        |     0 |
| >= 6 to < 8        |     0 |
| >= 8 to < 10       |     0 |
| >= 10 to < 12      |     1 |
| >= 12 to < 14      |     0 |
| >= 14 to < 16      |     0 |
| >= 16              |     1 |
+--------------------+-------+
* Control sets can be remapped at either synth_design or opt_design


3. Flip-Flop Distribution
-------------------------

+--------------+-----------------------+------------------------+-----------------+--------------+
| Clock Enable | Synchronous Set/Reset | Asynchronous Set/Reset | Total Registers | Total Slices |
+--------------+-----------------------+------------------------+-----------------+--------------+
| No           | No                    | No                     |              83 |           61 |
| No           | No                    | Yes                    |               0 |            0 |
| No           | Yes                   | No                     |               0 |            0 |
| Yes          | No                    | No                     |               0 |            0 |
| Yes          | No                    | Yes                    |               0 |            0 |
| Yes          | Yes                   | No                     |               0 |            0 |
+--------------+-----------------------+------------------------+-----------------+--------------+


4. Detailed Control Set Information
-----------------------------------

+------------------------------------------------------------------------------+---------------+------------------+------------------+----------------+--------------+
|                                 Clock Signal                                 | Enable Signal | Set/Reset Signal | Slice Load Count | Bel Load Count | Bels / Slice |
+------------------------------------------------------------------------------+---------------+------------------+------------------+----------------+--------------+
|  difficultySelectionModule/easyDifficulty/clkDff1/clkDivComp/data_out_reg_0  |               |                  |                1 |              1 |         1.00 |
|  difficultySelectionModule/easyDifficulty/clkDff11/clkDivComp/data_out_reg_0 |               |                  |                1 |              1 |         1.00 |
|  difficultySelectionModule/easyDifficulty/clkDff13/clkDivComp/data_out_reg_0 |               |                  |                1 |              1 |         1.00 |
|  difficultySelectionModule/easyDifficulty/clkDff10/clkDivComp/data_out_reg_0 |               |                  |                1 |              1 |         1.00 |
|  difficultySelectionModule/easyDifficulty/clkDff12/clkDivComp/data_out_reg_0 |               |                  |                1 |              1 |         1.00 |
|  difficultySelectionModule/easyDifficulty/clkDff18/clkDivComp/data_out_reg_0 |               |                  |                1 |              1 |         1.00 |
|  difficultySelectionModule/easyDifficulty/clkDff17/clkDivComp/data_out_reg_0 |               |                  |                1 |              1 |         1.00 |
|  difficultySelectionModule/easyDifficulty/clkDff14/clkDivComp/data_out_reg_0 |               |                  |                1 |              1 |         1.00 |
|  difficultySelectionModule/easyDifficulty/clkDff15/clkDivComp/data_out_reg_0 |               |                  |                1 |              1 |         1.00 |
|  difficultySelectionModule/easyDifficulty/clkDff16/clkDivComp/data_out_reg_0 |               |                  |                1 |              1 |         1.00 |
|  difficultySelectionModule/easyDifficulty/clkDff19/clkDivComp/data_out_reg_0 |               |                  |                1 |              1 |         1.00 |
|  difficultySelectionModule/easyDifficulty/clkDff21/clkDivComp/data_out_reg_0 |               |                  |                1 |              1 |         1.00 |
|  difficultySelectionModule/easyDifficulty/clkDff20/clkDivComp/data_out_reg_0 |               |                  |                1 |              1 |         1.00 |
|  difficultySelectionModule/easyDifficulty/clkDff2/clkDivComp/data_out_reg_0  |               |                  |                1 |              1 |         1.00 |
|  difficultySelectionModule/easyDifficulty/clkDff22/clkDivComp/data_out_reg_0 |               |                  |                1 |              1 |         1.00 |
|  difficultySelectionModule/easyDifficulty/clkDff25/clkDivComp/data_out_reg_0 |               |                  |                1 |              1 |         1.00 |
|  difficultySelectionModule/easyDifficulty/clkDff24/clkDivComp/data_out_reg_0 |               |                  |                1 |              1 |         1.00 |
|  difficultySelectionModule/easyDifficulty/clkDff23/clkDivComp/data_out_reg_0 |               |                  |                1 |              1 |         1.00 |
|  difficultySelectionModule/easyDifficulty/clkDff26/clkDivComp/data_out_reg_0 |               |                  |                1 |              1 |         1.00 |
|  difficultySelectionModule/easyDifficulty/clkDff3/clkDivComp/data_out_reg_0  |               |                  |                1 |              1 |         1.00 |
|  difficultySelectionModule/easyDifficulty/clkDff5/clkDivComp/data_out_reg_0  |               |                  |                1 |              1 |         1.00 |
|  difficultySelectionModule/easyDifficulty/clkDff4/clkDivComp/data_out_reg_0  |               |                  |                1 |              1 |         1.00 |
|  difficultySelectionModule/easyDifficulty/clkDff6/clkDivComp/data_out_reg_0  |               |                  |                1 |              1 |         1.00 |
|  difficultySelectionModule/easyDifficulty/clkDff7/clkDivComp/data_out_reg_0  |               |                  |                1 |              1 |         1.00 |
|  difficultySelectionModule/easyDifficulty/clkDff8/clkDivComp/data_out_reg_0  |               |                  |                1 |              1 |         1.00 |
|  difficultySelectionModule/easyDifficulty/clkDff9/clkDivComp/data_out_reg_0  |               |                  |                1 |              1 |         1.00 |
|  difficultySelectionModule/hardDifficulty/clkDff11/clkDivComp/data_out_reg_0 |               |                  |                1 |              1 |         1.00 |
|  difficultySelectionModule/hardDifficulty/clkDff10/clkDivComp/data_out_reg_0 |               |                  |                1 |              1 |         1.00 |
|  difficultySelectionModule/hardDifficulty/clkDff14/clkDivComp/data_out_reg_0 |               |                  |                1 |              1 |         1.00 |
|  difficultySelectionModule/hardDifficulty/clkDff12/clkDivComp/data_out_reg_0 |               |                  |                1 |              1 |         1.00 |
|  difficultySelectionModule/hardDifficulty/clkDff13/clkDivComp/data_out_reg_0 |               |                  |                1 |              1 |         1.00 |
|  difficultySelectionModule/hardDifficulty/clkDff15/clkDivComp/data_out_reg_0 |               |                  |                1 |              1 |         1.00 |
|  difficultySelectionModule/hardDifficulty/clkDff17/clkDivComp/data_out_reg_0 |               |                  |                1 |              1 |         1.00 |
|  difficultySelectionModule/hardDifficulty/clkDff19/clkDivComp/data_out_reg_0 |               |                  |                1 |              1 |         1.00 |
|  difficultySelectionModule/hardDifficulty/clkDff16/clkDivComp/data_out_reg_0 |               |                  |                1 |              1 |         1.00 |
|  difficultySelectionModule/hardDifficulty/clkDff18/clkDivComp/data_out_reg_0 |               |                  |                1 |              1 |         1.00 |
|  difficultySelectionModule/hardDifficulty/clkDff2/clkDivComp/data_out_reg_0  |               |                  |                1 |              1 |         1.00 |
|  difficultySelectionModule/hardDifficulty/clkDff22/clkDivComp/data_out_reg_0 |               |                  |                1 |              1 |         1.00 |
|  difficultySelectionModule/hardDifficulty/clkDff20/clkDivComp/data_out_reg_0 |               |                  |                1 |              1 |         1.00 |
|  difficultySelectionModule/hardDifficulty/clkDff21/clkDivComp/data_out_reg_0 |               |                  |                1 |              1 |         1.00 |
|  difficultySelectionModule/hardDifficulty/clkDff23/clkDivComp/data_out_reg_0 |               |                  |                1 |              1 |         1.00 |
|  difficultySelectionModule/hardDifficulty/clkDff25/clkDivComp/data_out_reg_0 |               |                  |                1 |              1 |         1.00 |
|  difficultySelectionModule/hardDifficulty/clkDff24/clkDivComp/data_out_reg_0 |               |                  |                1 |              1 |         1.00 |
|  difficultySelectionModule/hardDifficulty/clkDff3/clkDivComp/data_out_reg_0  |               |                  |                1 |              1 |         1.00 |
|  difficultySelectionModule/hardDifficulty/clkDff6/clkDivComp/data_out_reg_0  |               |                  |                1 |              1 |         1.00 |
|  difficultySelectionModule/hardDifficulty/clkDff8/clkDivComp/data_out_reg_0  |               |                  |                1 |              1 |         1.00 |
|  difficultySelectionModule/hardDifficulty/clkDff7/clkDivComp/data_out_reg_0  |               |                  |                1 |              1 |         1.00 |
|  difficultySelectionModule/hardDifficulty/clkDff5/clkDivComp/data_out_reg_0  |               |                  |                1 |              1 |         1.00 |
|  difficultySelectionModule/hardDifficulty/clkDff4/clkDivComp/data_out_reg_0  |               |                  |                1 |              1 |         1.00 |
|  difficultySelectionModule/hardDifficulty/clkDff9/clkDivComp/data_out_reg_0  |               |                  |                1 |              1 |         1.00 |
|  difficultySelectionModule/hardDifficulty/clkDff1/clkDivComp/data_out        |               |                  |                1 |              1 |         1.00 |
| ~CLK_IBUF_BUFG                                                               |               |                  |                1 |              1 |         1.00 |
|  SegmentMultiplexer/p_0_in                                                   |               |                  |                1 |              2 |         2.00 |
|  difficultySelectionModule/hardDifficulty/clkDff26/clkDivComp/gameClk        |               |                  |                2 |             10 |         5.00 |
|  CLK_IBUF_BUFG                                                               |               |                  |                6 |             19 |         3.17 |
+------------------------------------------------------------------------------+---------------+------------------+------------------+----------------+--------------+


